生成启动时间为 2016/9/27 1:21:22。
     1>项目“D:\ybk\devlop\shangwen\shangwen\shangwen.vcxproj”在节点 2 上(build 个目标)。
     1>InitializeBuildStatus:
         正在创建“Debug\shangwen.unsuccessfulbuild”，因为已指定“AlwaysCreate”。
       ClCompile:
         所有输出均为最新。
         D:\Program Files\Microsoft Visual Studio 10.0\VC\bin\CL.exe /c /ZI /nologo /W3 /WX- /Od /Oy- /D WIN32 /D _DEBUG /D _CONSOLE /D _UNICODE /D UNICODE /Gm /EHsc /RTC1 /MDd /GS /fp:precise /Zc:wchar_t /Zc:forScope /Yu"StdAfx.h" /Fp"Debug\shangwen.pch" /Fo"Debug\\" /Fd"Debug\vc100.pdb" /Gd /TP /analyze- /errorReport:prompt shangwen.cpp
         shangwen.cpp
     1>d:\ybk\devlop\shangwen\shangwen\shangwen.cpp(82): warning C4996: 'strcat': This function or variable may be unsafe. Consider using strcat_s instead. To disable deprecation, use _CRT_SECURE_NO_WARNINGS. See online help for details.
                 d:\program files\microsoft visual studio 10.0\vc\include\string.h(110) : 参见“strcat”的声明
     1>d:\ybk\devlop\shangwen\shangwen\shangwen.cpp(83): warning C4996: 'strcat': This function or variable may be unsafe. Consider using strcat_s instead. To disable deprecation, use _CRT_SECURE_NO_WARNINGS. See online help for details.
                 d:\program files\microsoft visual studio 10.0\vc\include\string.h(110) : 参见“strcat”的声明
     1>d:\ybk\devlop\shangwen\shangwen\shangwen.cpp(84): warning C4996: 'strcat': This function or variable may be unsafe. Consider using strcat_s instead. To disable deprecation, use _CRT_SECURE_NO_WARNINGS. See online help for details.
                 d:\program files\microsoft visual studio 10.0\vc\include\string.h(110) : 参见“strcat”的声明
     1>d:\ybk\devlop\shangwen\shangwen\shangwen.cpp(85): warning C4996: 'strcat': This function or variable may be unsafe. Consider using strcat_s instead. To disable deprecation, use _CRT_SECURE_NO_WARNINGS. See online help for details.
                 d:\program files\microsoft visual studio 10.0\vc\include\string.h(110) : 参见“strcat”的声明
     1>d:\ybk\devlop\shangwen\shangwen\shangwen.cpp(86): warning C4996: 'strcat': This function or variable may be unsafe. Consider using strcat_s instead. To disable deprecation, use _CRT_SECURE_NO_WARNINGS. See online help for details.
                 d:\program files\microsoft visual studio 10.0\vc\include\string.h(110) : 参见“strcat”的声明
     1>d:\ybk\devlop\shangwen\shangwen\shangwen.cpp(87): warning C4996: 'strcat': This function or variable may be unsafe. Consider using strcat_s instead. To disable deprecation, use _CRT_SECURE_NO_WARNINGS. See online help for details.
                 d:\program files\microsoft visual studio 10.0\vc\include\string.h(110) : 参见“strcat”的声明
     1>d:\ybk\devlop\shangwen\shangwen\shangwen.cpp(88): warning C4996: 'strcat': This function or variable may be unsafe. Consider using strcat_s instead. To disable deprecation, use _CRT_SECURE_NO_WARNINGS. See online help for details.
                 d:\program files\microsoft visual studio 10.0\vc\include\string.h(110) : 参见“strcat”的声明
     1>d:\ybk\devlop\shangwen\shangwen\shangwen.cpp(89): warning C4996: 'strcat': This function or variable may be unsafe. Consider using strcat_s instead. To disable deprecation, use _CRT_SECURE_NO_WARNINGS. See online help for details.
                 d:\program files\microsoft visual studio 10.0\vc\include\string.h(110) : 参见“strcat”的声明
     1>d:\ybk\devlop\shangwen\shangwen\shangwen.cpp(93): warning C4996: 'strcat': This function or variable may be unsafe. Consider using strcat_s instead. To disable deprecation, use _CRT_SECURE_NO_WARNINGS. See online help for details.
                 d:\program files\microsoft visual studio 10.0\vc\include\string.h(110) : 参见“strcat”的声明
     1>d:\ybk\devlop\shangwen\shangwen\shangwen.cpp(94): warning C4996: 'strcat': This function or variable may be unsafe. Consider using strcat_s instead. To disable deprecation, use _CRT_SECURE_NO_WARNINGS. See online help for details.
                 d:\program files\microsoft visual studio 10.0\vc\include\string.h(110) : 参见“strcat”的声明
     1>d:\ybk\devlop\shangwen\shangwen\shangwen.cpp(95): warning C4996: 'strcat': This function or variable may be unsafe. Consider using strcat_s instead. To disable deprecation, use _CRT_SECURE_NO_WARNINGS. See online help for details.
                 d:\program files\microsoft visual studio 10.0\vc\include\string.h(110) : 参见“strcat”的声明
     1>d:\ybk\devlop\shangwen\shangwen\shangwen.cpp(115): warning C4996: 'sscanf': This function or variable may be unsafe. Consider using sscanf_s instead. To disable deprecation, use _CRT_SECURE_NO_WARNINGS. See online help for details.
                 d:\program files\microsoft visual studio 10.0\vc\include\stdio.h(325) : 参见“sscanf”的声明
     1>d:\ybk\devlop\shangwen\shangwen\shangwen.cpp(117): warning C4244: “=”: 从“LONGLONG”转换到“long”，可能丢失数据
     1>d:\ybk\devlop\shangwen\shangwen\shangwen.cpp(98): warning C4101: “st”: 未引用的局部变量
     1>d:\ybk\devlop\shangwen\shangwen\shangwen.cpp(172): warning C4996: 'strcat': This function or variable may be unsafe. Consider using strcat_s instead. To disable deprecation, use _CRT_SECURE_NO_WARNINGS. See online help for details.
                 d:\program files\microsoft visual studio 10.0\vc\include\string.h(110) : 参见“strcat”的声明
     1>d:\ybk\devlop\shangwen\shangwen\shangwen.cpp(173): warning C4996: 'strcat': This function or variable may be unsafe. Consider using strcat_s instead. To disable deprecation, use _CRT_SECURE_NO_WARNINGS. See online help for details.
                 d:\program files\microsoft visual studio 10.0\vc\include\string.h(110) : 参见“strcat”的声明
     1>d:\ybk\devlop\shangwen\shangwen\shangwen.cpp(174): warning C4996: 'strcat': This function or variable may be unsafe. Consider using strcat_s instead. To disable deprecation, use _CRT_SECURE_NO_WARNINGS. See online help for details.
                 d:\program files\microsoft visual studio 10.0\vc\include\string.h(110) : 参见“strcat”的声明
     1>d:\ybk\devlop\shangwen\shangwen\shangwen.cpp(175): warning C4996: 'strcat': This function or variable may be unsafe. Consider using strcat_s instead. To disable deprecation, use _CRT_SECURE_NO_WARNINGS. See online help for details.
                 d:\program files\microsoft visual studio 10.0\vc\include\string.h(110) : 参见“strcat”的声明
     1>d:\ybk\devlop\shangwen\shangwen\shangwen.cpp(176): warning C4996: 'strcat': This function or variable may be unsafe. Consider using strcat_s instead. To disable deprecation, use _CRT_SECURE_NO_WARNINGS. See online help for details.
                 d:\program files\microsoft visual studio 10.0\vc\include\string.h(110) : 参见“strcat”的声明
     1>d:\ybk\devlop\shangwen\shangwen\shangwen.cpp(177): warning C4996: 'strcat': This function or variable may be unsafe. Consider using strcat_s instead. To disable deprecation, use _CRT_SECURE_NO_WARNINGS. See online help for details.
                 d:\program files\microsoft visual studio 10.0\vc\include\string.h(110) : 参见“strcat”的声明
     1>d:\ybk\devlop\shangwen\shangwen\shangwen.cpp(178): warning C4996: 'strcat': This function or variable may be unsafe. Consider using strcat_s instead. To disable deprecation, use _CRT_SECURE_NO_WARNINGS. See online help for details.
                 d:\program files\microsoft visual studio 10.0\vc\include\string.h(110) : 参见“strcat”的声明
     1>d:\ybk\devlop\shangwen\shangwen\shangwen.cpp(179): warning C4996: 'strcat': This function or variable may be unsafe. Consider using strcat_s instead. To disable deprecation, use _CRT_SECURE_NO_WARNINGS. See online help for details.
                 d:\program files\microsoft visual studio 10.0\vc\include\string.h(110) : 参见“strcat”的声明
     1>d:\ybk\devlop\shangwen\shangwen\shangwen.cpp(181): warning C4996: 'strcat': This function or variable may be unsafe. Consider using strcat_s instead. To disable deprecation, use _CRT_SECURE_NO_WARNINGS. See online help for details.
                 d:\program files\microsoft visual studio 10.0\vc\include\string.h(110) : 参见“strcat”的声明
     1>d:\ybk\devlop\shangwen\shangwen\shangwen.cpp(185): warning C4996: 'strcat': This function or variable may be unsafe. Consider using strcat_s instead. To disable deprecation, use _CRT_SECURE_NO_WARNINGS. See online help for details.
                 d:\program files\microsoft visual studio 10.0\vc\include\string.h(110) : 参见“strcat”的声明
     1>d:\ybk\devlop\shangwen\shangwen\shangwen.cpp(224): warning C4996: 'strcat': This function or variable may be unsafe. Consider using strcat_s instead. To disable deprecation, use _CRT_SECURE_NO_WARNINGS. See online help for details.
                 d:\program files\microsoft visual studio 10.0\vc\include\string.h(110) : 参见“strcat”的声明
     1>d:\ybk\devlop\shangwen\shangwen\shangwen.cpp(225): warning C4996: 'strcat': This function or variable may be unsafe. Consider using strcat_s instead. To disable deprecation, use _CRT_SECURE_NO_WARNINGS. See online help for details.
                 d:\program files\microsoft visual studio 10.0\vc\include\string.h(110) : 参见“strcat”的声明
     1>d:\ybk\devlop\shangwen\shangwen\shangwen.cpp(226): warning C4996: 'strcat': This function or variable may be unsafe. Consider using strcat_s instead. To disable deprecation, use _CRT_SECURE_NO_WARNINGS. See online help for details.
                 d:\program files\microsoft visual studio 10.0\vc\include\string.h(110) : 参见“strcat”的声明
     1>d:\ybk\devlop\shangwen\shangwen\shangwen.cpp(227): warning C4996: 'strcat': This function or variable may be unsafe. Consider using strcat_s instead. To disable deprecation, use _CRT_SECURE_NO_WARNINGS. See online help for details.
                 d:\program files\microsoft visual studio 10.0\vc\include\string.h(110) : 参见“strcat”的声明
     1>d:\ybk\devlop\shangwen\shangwen\shangwen.cpp(228): warning C4996: 'strcat': This function or variable may be unsafe. Consider using strcat_s instead. To disable deprecation, use _CRT_SECURE_NO_WARNINGS. See online help for details.
                 d:\program files\microsoft visual studio 10.0\vc\include\string.h(110) : 参见“strcat”的声明
     1>d:\ybk\devlop\shangwen\shangwen\shangwen.cpp(229): warning C4996: 'strcat': This function or variable may be unsafe. Consider using strcat_s instead. To disable deprecation, use _CRT_SECURE_NO_WARNINGS. See online help for details.
                 d:\program files\microsoft visual studio 10.0\vc\include\string.h(110) : 参见“strcat”的声明
     1>d:\ybk\devlop\shangwen\shangwen\shangwen.cpp(230): warning C4996: 'strcat': This function or variable may be unsafe. Consider using strcat_s instead. To disable deprecation, use _CRT_SECURE_NO_WARNINGS. See online help for details.
                 d:\program files\microsoft visual studio 10.0\vc\include\string.h(110) : 参见“strcat”的声明
     1>d:\ybk\devlop\shangwen\shangwen\shangwen.cpp(231): warning C4996: 'strcat': This function or variable may be unsafe. Consider using strcat_s instead. To disable deprecation, use _CRT_SECURE_NO_WARNINGS. See online help for details.
                 d:\program files\microsoft visual studio 10.0\vc\include\string.h(110) : 参见“strcat”的声明
     1>d:\ybk\devlop\shangwen\shangwen\shangwen.cpp(232): warning C4996: 'strcat': This function or variable may be unsafe. Consider using strcat_s instead. To disable deprecation, use _CRT_SECURE_NO_WARNINGS. See online help for details.
                 d:\program files\microsoft visual studio 10.0\vc\include\string.h(110) : 参见“strcat”的声明
     1>d:\ybk\devlop\shangwen\shangwen\shangwen.cpp(235): warning C4996: 'strcat': This function or variable may be unsafe. Consider using strcat_s instead. To disable deprecation, use _CRT_SECURE_NO_WARNINGS. See online help for details.
                 d:\program files\microsoft visual studio 10.0\vc\include\string.h(110) : 参见“strcat”的声明
     1>d:\ybk\devlop\shangwen\shangwen\shangwen.cpp(236): warning C4996: 'strcat': This function or variable may be unsafe. Consider using strcat_s instead. To disable deprecation, use _CRT_SECURE_NO_WARNINGS. See online help for details.
                 d:\program files\microsoft visual studio 10.0\vc\include\string.h(110) : 参见“strcat”的声明
     1>d:\ybk\devlop\shangwen\shangwen\shangwen.cpp(237): warning C4996: 'strcat': This function or variable may be unsafe. Consider using strcat_s instead. To disable deprecation, use _CRT_SECURE_NO_WARNINGS. See online help for details.
                 d:\program files\microsoft visual studio 10.0\vc\include\string.h(110) : 参见“strcat”的声明
     1>d:\ybk\devlop\shangwen\shangwen\shangwen.cpp(284): warning C4996: 'strcat': This function or variable may be unsafe. Consider using strcat_s instead. To disable deprecation, use _CRT_SECURE_NO_WARNINGS. See online help for details.
                 d:\program files\microsoft visual studio 10.0\vc\include\string.h(110) : 参见“strcat”的声明
     1>d:\ybk\devlop\shangwen\shangwen\shangwen.cpp(285): warning C4996: 'strcat': This function or variable may be unsafe. Consider using strcat_s instead. To disable deprecation, use _CRT_SECURE_NO_WARNINGS. See online help for details.
                 d:\program files\microsoft visual studio 10.0\vc\include\string.h(110) : 参见“strcat”的声明
     1>d:\ybk\devlop\shangwen\shangwen\shangwen.cpp(286): warning C4996: 'strcat': This function or variable may be unsafe. Consider using strcat_s instead. To disable deprecation, use _CRT_SECURE_NO_WARNINGS. See online help for details.
                 d:\program files\microsoft visual studio 10.0\vc\include\string.h(110) : 参见“strcat”的声明
     1>d:\ybk\devlop\shangwen\shangwen\shangwen.cpp(287): warning C4996: 'strcat': This function or variable may be unsafe. Consider using strcat_s instead. To disable deprecation, use _CRT_SECURE_NO_WARNINGS. See online help for details.
                 d:\program files\microsoft visual studio 10.0\vc\include\string.h(110) : 参见“strcat”的声明
     1>d:\ybk\devlop\shangwen\shangwen\shangwen.cpp(288): warning C4996: 'strcat': This function or variable may be unsafe. Consider using strcat_s instead. To disable deprecation, use _CRT_SECURE_NO_WARNINGS. See online help for details.
                 d:\program files\microsoft visual studio 10.0\vc\include\string.h(110) : 参见“strcat”的声明
     1>d:\ybk\devlop\shangwen\shangwen\shangwen.cpp(289): warning C4996: 'strcat': This function or variable may be unsafe. Consider using strcat_s instead. To disable deprecation, use _CRT_SECURE_NO_WARNINGS. See online help for details.
                 d:\program files\microsoft visual studio 10.0\vc\include\string.h(110) : 参见“strcat”的声明
     1>d:\ybk\devlop\shangwen\shangwen\shangwen.cpp(290): warning C4996: 'strcat': This function or variable may be unsafe. Consider using strcat_s instead. To disable deprecation, use _CRT_SECURE_NO_WARNINGS. See online help for details.
                 d:\program files\microsoft visual studio 10.0\vc\include\string.h(110) : 参见“strcat”的声明
     1>d:\ybk\devlop\shangwen\shangwen\shangwen.cpp(302): warning C4996: 'strcat': This function or variable may be unsafe. Consider using strcat_s instead. To disable deprecation, use _CRT_SECURE_NO_WARNINGS. See online help for details.
                 d:\program files\microsoft visual studio 10.0\vc\include\string.h(110) : 参见“strcat”的声明
     1>d:\ybk\devlop\shangwen\shangwen\shangwen.cpp(303): warning C4996: 'strcat': This function or variable may be unsafe. Consider using strcat_s instead. To disable deprecation, use _CRT_SECURE_NO_WARNINGS. See online help for details.
                 d:\program files\microsoft visual studio 10.0\vc\include\string.h(110) : 参见“strcat”的声明
     1>d:\ybk\devlop\shangwen\shangwen\shangwen.cpp(304): warning C4996: 'strcat': This function or variable may be unsafe. Consider using strcat_s instead. To disable deprecation, use _CRT_SECURE_NO_WARNINGS. See online help for details.
                 d:\program files\microsoft visual studio 10.0\vc\include\string.h(110) : 参见“strcat”的声明
     1>d:\ybk\devlop\shangwen\shangwen\shangwen.cpp(305): warning C4996: 'strcat': This function or variable may be unsafe. Consider using strcat_s instead. To disable deprecation, use _CRT_SECURE_NO_WARNINGS. See online help for details.
                 d:\program files\microsoft visual studio 10.0\vc\include\string.h(110) : 参见“strcat”的声明
     1>d:\ybk\devlop\shangwen\shangwen\shangwen.cpp(306): warning C4996: 'strcat': This function or variable may be unsafe. Consider using strcat_s instead. To disable deprecation, use _CRT_SECURE_NO_WARNINGS. See online help for details.
                 d:\program files\microsoft visual studio 10.0\vc\include\string.h(110) : 参见“strcat”的声明
     1>d:\ybk\devlop\shangwen\shangwen\shangwen.cpp(307): warning C4996: 'strcat': This function or variable may be unsafe. Consider using strcat_s instead. To disable deprecation, use _CRT_SECURE_NO_WARNINGS. See online help for details.
                 d:\program files\microsoft visual studio 10.0\vc\include\string.h(110) : 参见“strcat”的声明
     1>d:\ybk\devlop\shangwen\shangwen\shangwen.cpp(308): warning C4996: 'strcat': This function or variable may be unsafe. Consider using strcat_s instead. To disable deprecation, use _CRT_SECURE_NO_WARNINGS. See online help for details.
                 d:\program files\microsoft visual studio 10.0\vc\include\string.h(110) : 参见“strcat”的声明
     1>d:\ybk\devlop\shangwen\shangwen\shangwen.cpp(309): warning C4996: 'strcat': This function or variable may be unsafe. Consider using strcat_s instead. To disable deprecation, use _CRT_SECURE_NO_WARNINGS. See online help for details.
                 d:\program files\microsoft visual studio 10.0\vc\include\string.h(110) : 参见“strcat”的声明
     1>d:\ybk\devlop\shangwen\shangwen\shangwen.cpp(310): warning C4996: 'strcat': This function or variable may be unsafe. Consider using strcat_s instead. To disable deprecation, use _CRT_SECURE_NO_WARNINGS. See online help for details.
                 d:\program files\microsoft visual studio 10.0\vc\include\string.h(110) : 参见“strcat”的声明
     1>d:\ybk\devlop\shangwen\shangwen\shangwen.cpp(316): warning C4996: 'strcat': This function or variable may be unsafe. Consider using strcat_s instead. To disable deprecation, use _CRT_SECURE_NO_WARNINGS. See online help for details.
                 d:\program files\microsoft visual studio 10.0\vc\include\string.h(110) : 参见“strcat”的声明
     1>d:\ybk\devlop\shangwen\shangwen\shangwen.cpp(317): warning C4996: 'strcat': This function or variable may be unsafe. Consider using strcat_s instead. To disable deprecation, use _CRT_SECURE_NO_WARNINGS. See online help for details.
                 d:\program files\microsoft visual studio 10.0\vc\include\string.h(110) : 参见“strcat”的声明
       ManifestResourceCompile:
         所有输出均为最新。
       Link:
         D:\Program Files\Microsoft Visual Studio 10.0\VC\bin\link.exe /ERRORREPORT:PROMPT /OUT:"D:\ybk\devlop\tinyxml\Debug\shangwen.exe" /INCREMENTAL /NOLOGO kernel32.lib user32.lib gdi32.lib winspool.lib comdlg32.lib advapi32.lib shell32.lib ole32.lib oleaut32.lib uuid.lib odbc32.lib odbccp32.lib /MANIFEST /ManifestFile:"Debug\shangwen.exe.intermediate.manifest" /MANIFESTUAC:"level='asInvoker' uiAccess='false'" /DEBUG /PDB:"D:\ybk\devlop\tinyxml\Debug\shangwen.pdb" /SUBSYSTEM:CONSOLE /TLBID:1 /DYNAMICBASE /NXCOMPAT /IMPLIB:"D:\ybk\devlop\tinyxml\Debug\shangwen.lib" /MACHINE:X86 Debug\shangwen.exe.embed.manifest.res
         Debug\shangwen.obj
         Debug\stdafx.obj
       Manifest:
         c:\Program Files\Microsoft SDKs\Windows\v7.0A\bin\mt.exe /nologo /verbose /out:"Debug\shangwen.exe.embed.manifest" /manifest Debug\shangwen.exe.intermediate.manifest
         所有输出均为最新。
       LinkEmbedManifest:
         所有输出均为最新。
         shangwen.vcxproj -> D:\ybk\devlop\tinyxml\Debug\shangwen.exe
       FinalizeBuildStatus:
         正在删除文件“Debug\shangwen.unsuccessfulbuild”。
         正在对“Debug\shangwen.lastbuildstate”执行 Touch 任务。
     1>已完成生成项目“D:\ybk\devlop\shangwen\shangwen\shangwen.vcxproj”(build 个目标)的操作。

生成成功。

已用时间 00:00:05.58
