D:\ybk\devlop\shangwen\shangwen\Debug\cl.command.1.tlog
D:\ybk\devlop\shangwen\shangwen\Debug\CL.read.1.tlog
D:\ybk\devlop\shangwen\shangwen\Debug\CL.write.1.tlog
D:\ybk\devlop\shangwen\shangwen\Debug\link.2868.read.1.tlog
D:\ybk\devlop\shangwen\shangwen\Debug\link.2868.write.1.tlog
D:\ybk\devlop\shangwen\shangwen\Debug\link.2868-cvtres.read.1.tlog
D:\ybk\devlop\shangwen\shangwen\Debug\link.2868-cvtres.write.1.tlog
D:\ybk\devlop\shangwen\shangwen\Debug\link.command.1.tlog
D:\ybk\devlop\shangwen\shangwen\Debug\link.read.1.tlog
D:\ybk\devlop\shangwen\shangwen\Debug\link.write.1.tlog
D:\ybk\devlop\shangwen\shangwen\Debug\link-cvtres.read.1.tlog
D:\ybk\devlop\shangwen\shangwen\Debug\link-cvtres.write.1.tlog
D:\ybk\devlop\shangwen\shangwen\Debug\mt.command.1.tlog
D:\ybk\devlop\shangwen\shangwen\Debug\mt.read.1.tlog
D:\ybk\devlop\shangwen\shangwen\Debug\mt.write.1.tlog
D:\ybk\devlop\shangwen\shangwen\Debug\rc.command.1.tlog
D:\ybk\devlop\shangwen\shangwen\Debug\rc.read.1.tlog
D:\ybk\devlop\shangwen\shangwen\Debug\rc.write.1.tlog
D:\YBK\DEVLOP\SHANGWEN\SHANGWEN\DEBUG\SHANGWEN.EXE.EMBED.MANIFEST
D:\YBK\DEVLOP\SHANGWEN\SHANGWEN\DEBUG\SHANGWEN.EXE.EMBED.MANIFEST.RES
D:\YBK\DEVLOP\SHANGWEN\SHANGWEN\DEBUG\SHANGWEN.EXE.INTERMEDIATE.MANIFEST
D:\YBK\DEVLOP\SHANGWEN\SHANGWEN\DEBUG\SHANGWEN.OBJ
D:\YBK\DEVLOP\SHANGWEN\SHANGWEN\DEBUG\SHANGWEN.PCH
D:\ybk\devlop\shangwen\shangwen\Debug\shangwen.write.1.tlog
D:\ybk\devlop\shangwen\shangwen\Debug\shangwen_manifest.rc
D:\YBK\DEVLOP\SHANGWEN\SHANGWEN\DEBUG\STDAFX.OBJ
D:\ybk\devlop\shangwen\shangwen\Debug\vc100.idb
D:\YBK\DEVLOP\SHANGWEN\SHANGWEN\DEBUG\VC100.PDB
D:\YBK\DEVLOP\TINYXML\DEBUG\SHANGWEN.EXE
D:\YBK\DEVLOP\TINYXML\DEBUG\SHANGWEN.ILK
D:\YBK\DEVLOP\TINYXML\DEBUG\SHANGWEN.PDB
