生成启动时间为 2016/9/8 10:51:55。
     1>项目“C:\Users\pangxin\Desktop\others\交易\testybk\tinyxml\tinyxml_lib.vcxproj”在节点 2 上(rebuild 个目标)。
     1>_PrepareForClean:
         正在删除文件“C:\Users\pangxin\Desktop\others\交易\testybk\tinyxml\Debugtinyxml\tinyxml.lastbuildstate”。
       InitializeBuildStatus:
         正在创建“C:\Users\pangxin\Desktop\others\交易\testybk\tinyxml\Debugtinyxml\tinyxml.unsuccessfulbuild”，因为已指定“AlwaysCreate”。
       ClCompile:
         D:\Program Files\Microsoft Visual Studio 10.0\VC\bin\CL.exe /c /ZI /nologo /W4 /WX- /Od /Oy- /D WIN32 /D _DEBUG /D _LIB /D _VC80_UPGRADE=0x0600 /D _MBCS /Gm /EHsc /RTC1 /MTd /GS /fp:precise /Zc:wchar_t /Zc:forScope /Fo"C:\Users\pangxin\Desktop\others\交易\testybk\tinyxml\Debugtinyxml\\" /Fd"C:\Users\pangxin\Desktop\others\交易\testybk\tinyxml\Debugtinyxml\vc100.pdb" /FR"C:\Users\pangxin\Desktop\others\交易\testybk\tinyxml\Debugtinyxml\\" /Gd /TP /analyze- /errorReport:prompt tinystr.cpp tinyxml.cpp tinyxmlerror.cpp tinyxmlparser.cpp
         tinyxmlparser.cpp
         tinyxmlerror.cpp
         tinyxml.cpp
         tinystr.cpp
         正在生成代码...
       Lib:
         D:\Program Files\Microsoft Visual Studio 10.0\VC\bin\Lib.exe /OUT:"C:\Users\pangxin\Desktop\others\交易\testybk\tinyxml\Debugtinyxml\tinyxml.lib" /NOLOGO "C:\Users\pangxin\Desktop\others\交易\testybk\tinyxml\Debugtinyxml\tinystr.obj"
         "C:\Users\pangxin\Desktop\others\交易\testybk\tinyxml\Debugtinyxml\tinyxml.obj"
         "C:\Users\pangxin\Desktop\others\交易\testybk\tinyxml\Debugtinyxml\tinyxmlerror.obj"
         "C:\Users\pangxin\Desktop\others\交易\testybk\tinyxml\Debugtinyxml\tinyxmlparser.obj"
         tinyxml_lib.vcxproj -> C:\Users\pangxin\Desktop\others\交易\testybk\tinyxml\Debugtinyxml\tinyxml.lib
       BscMake:
         D:\Program Files\Microsoft Visual Studio 10.0\VC\bin\bscmake.exe /nologo /o"C:\Users\pangxin\Desktop\others\交易\testybk\tinyxml\Debugtinyxml\tinyxml.bsc" "C:\Users\pangxin\Desktop\others\交易\testybk\tinyxml\Debugtinyxml\tinystr.sbr" "C:\Users\pangxin\Desktop\others\交易\testybk\tinyxml\Debugtinyxml\tinyxml.sbr" "C:\Users\pangxin\Desktop\others\交易\testybk\tinyxml\Debugtinyxml\tinyxmlerror.sbr" "C:\Users\pangxin\Desktop\others\交易\testybk\tinyxml\Debugtinyxml\tinyxmlparser.sbr"
       FinalizeBuildStatus:
         正在删除文件“C:\Users\pangxin\Desktop\others\交易\testybk\tinyxml\Debugtinyxml\tinyxml.unsuccessfulbuild”。
         正在对“C:\Users\pangxin\Desktop\others\交易\testybk\tinyxml\Debugtinyxml\tinyxml.lastbuildstate”执行 Touch 任务。
     1>已完成生成项目“C:\Users\pangxin\Desktop\others\交易\testybk\tinyxml\tinyxml_lib.vcxproj”(rebuild 个目标)的操作。

生成成功。

已用时间 00:00:07.17
