D:\ybk\devlop\tinyxml\Debugtinyxml\BscMake.command.1.tlog
D:\ybk\devlop\tinyxml\Debugtinyxml\bscmake.read.1.tlog
D:\ybk\devlop\tinyxml\Debugtinyxml\bscmake.write.1.tlog
D:\ybk\devlop\tinyxml\Debugtinyxml\cl.command.1.tlog
D:\ybk\devlop\tinyxml\Debugtinyxml\CL.read.1.tlog
D:\ybk\devlop\tinyxml\Debugtinyxml\CL.write.1.tlog
D:\ybk\devlop\tinyxml\Debugtinyxml\lib.command.1.tlog
D:\ybk\devlop\tinyxml\Debugtinyxml\Lib-link.read.1.tlog
D:\ybk\devlop\tinyxml\Debugtinyxml\Lib-link.write.1.tlog
D:\YBK\DEVLOP\TINYXML\DEBUGTINYXML\TINYSTR.OBJ
D:\YBK\DEVLOP\TINYXML\DEBUGTINYXML\TINYSTR.SBR
D:\YBK\DEVLOP\TINYXML\DEBUGTINYXML\TINYXML.BSC
D:\YBK\DEVLOP\TINYXML\DEBUGTINYXML\TINYXML.LIB
D:\YBK\DEVLOP\TINYXML\DEBUGTINYXML\TINYXML.OBJ
D:\YBK\DEVLOP\TINYXML\DEBUGTINYXML\TINYXML.SBR
D:\ybk\devlop\tinyxml\Debugtinyxml\tinyxml.write.1.tlog
D:\ybk\devlop\tinyxml\Debugtinyxml\tinyxml_lib.vcxprojResolveAssemblyReference.cache
D:\YBK\DEVLOP\TINYXML\DEBUGTINYXML\TINYXMLERROR.OBJ
D:\YBK\DEVLOP\TINYXML\DEBUGTINYXML\TINYXMLERROR.SBR
D:\YBK\DEVLOP\TINYXML\DEBUGTINYXML\TINYXMLPARSER.OBJ
D:\YBK\DEVLOP\TINYXML\DEBUGTINYXML\TINYXMLPARSER.SBR
D:\ybk\devlop\tinyxml\Debugtinyxml\vc100.idb
D:\YBK\DEVLOP\TINYXML\DEBUGTINYXML\VC100.PDB
