C:\Users\pangxin\Desktop\others\交易\testybk\tinyxml\Release\zhongwen.exe
C:\Users\pangxin\Desktop\others\交易\testybk\tinyxml\Release\zhongwen.pdb
C:\Users\pangxin\Desktop\others\交易\testybk\zhongwen\zhongwen\Release\cl.command.1.tlog
C:\Users\pangxin\Desktop\others\交易\testybk\zhongwen\zhongwen\Release\CL.read.1.tlog
C:\Users\pangxin\Desktop\others\交易\testybk\zhongwen\zhongwen\Release\CL.write.1.tlog
C:\Users\pangxin\Desktop\others\交易\testybk\zhongwen\zhongwen\Release\link.command.1.tlog
C:\Users\pangxin\Desktop\others\交易\testybk\zhongwen\zhongwen\Release\link.read.1.tlog
C:\Users\pangxin\Desktop\others\交易\testybk\zhongwen\zhongwen\Release\link.write.1.tlog
C:\Users\pangxin\Desktop\others\交易\testybk\zhongwen\zhongwen\Release\mt.command.1.tlog
C:\Users\pangxin\Desktop\others\交易\testybk\zhongwen\zhongwen\Release\mt.read.1.tlog
C:\Users\pangxin\Desktop\others\交易\testybk\zhongwen\zhongwen\Release\mt.write.1.tlog
C:\Users\pangxin\Desktop\others\交易\testybk\zhongwen\zhongwen\Release\stdafx.obj
C:\Users\pangxin\Desktop\others\交易\testybk\zhongwen\zhongwen\Release\vc100.pdb
C:\Users\pangxin\Desktop\others\交易\testybk\zhongwen\zhongwen\Release\zhongwen.exe.intermediate.manifest
C:\Users\pangxin\Desktop\others\交易\testybk\zhongwen\zhongwen\Release\zhongwen.obj
C:\Users\pangxin\Desktop\others\交易\testybk\zhongwen\zhongwen\Release\zhongwen.pch
C:\Users\pangxin\Desktop\others\交易\testybk\zhongwen\zhongwen\Release\zhongwen.write.1.tlog
D:\YBK\DEVLOP\TINYXML\RELEASE\ZHONGWEN.EXE
D:\YBK\DEVLOP\TINYXML\RELEASE\ZHONGWEN.PDB
D:\YBK\DEVLOP\ZHONGWEN\ZHONGWEN\RELEASE\STDAFX.OBJ
D:\YBK\DEVLOP\ZHONGWEN\ZHONGWEN\RELEASE\VC100.PDB
D:\YBK\DEVLOP\ZHONGWEN\ZHONGWEN\RELEASE\ZHONGWEN.EXE.INTERMEDIATE.MANIFEST
D:\YBK\DEVLOP\ZHONGWEN\ZHONGWEN\RELEASE\ZHONGWEN.OBJ
D:\YBK\DEVLOP\ZHONGWEN\ZHONGWEN\RELEASE\ZHONGWEN.PCH
