C:\Users\pangxin\Desktop\others\交易\ybk\tinyxml\Debug\ybk2.exe
C:\Users\pangxin\Desktop\others\交易\ybk\tinyxml\Debug\ybk2.ilk
C:\Users\pangxin\Desktop\others\交易\ybk\tinyxml\Debug\ybk2.pdb
C:\Users\pangxin\Desktop\others\交易\ybk\ybk2\ybk2\Debug\cl.command.1.tlog
C:\Users\pangxin\Desktop\others\交易\ybk\ybk2\ybk2\Debug\CL.read.1.tlog
C:\Users\pangxin\Desktop\others\交易\ybk\ybk2\ybk2\Debug\CL.write.1.tlog
C:\Users\pangxin\Desktop\others\交易\ybk\ybk2\ybk2\Debug\link.16272.read.1.tlog
C:\Users\pangxin\Desktop\others\交易\ybk\ybk2\ybk2\Debug\link.16272.write.1.tlog
C:\Users\pangxin\Desktop\others\交易\ybk\ybk2\ybk2\Debug\link.16272-cvtres.read.1.tlog
C:\Users\pangxin\Desktop\others\交易\ybk\ybk2\ybk2\Debug\link.16272-cvtres.write.1.tlog
C:\Users\pangxin\Desktop\others\交易\ybk\ybk2\ybk2\Debug\link.command.1.tlog
C:\Users\pangxin\Desktop\others\交易\ybk\ybk2\ybk2\Debug\link.read.1.tlog
C:\Users\pangxin\Desktop\others\交易\ybk\ybk2\ybk2\Debug\link.write.1.tlog
C:\Users\pangxin\Desktop\others\交易\ybk\ybk2\ybk2\Debug\link-cvtres.read.1.tlog
C:\Users\pangxin\Desktop\others\交易\ybk\ybk2\ybk2\Debug\link-cvtres.write.1.tlog
C:\Users\pangxin\Desktop\others\交易\ybk\ybk2\ybk2\Debug\mt.command.1.tlog
C:\Users\pangxin\Desktop\others\交易\ybk\ybk2\ybk2\Debug\mt.read.1.tlog
C:\Users\pangxin\Desktop\others\交易\ybk\ybk2\ybk2\Debug\mt.write.1.tlog
C:\Users\pangxin\Desktop\others\交易\ybk\ybk2\ybk2\Debug\rc.command.1.tlog
C:\Users\pangxin\Desktop\others\交易\ybk\ybk2\ybk2\Debug\rc.read.1.tlog
C:\Users\pangxin\Desktop\others\交易\ybk\ybk2\ybk2\Debug\rc.write.1.tlog
C:\Users\pangxin\Desktop\others\交易\ybk\ybk2\ybk2\Debug\stdafx.obj
C:\Users\pangxin\Desktop\others\交易\ybk\ybk2\ybk2\Debug\vc100.idb
C:\Users\pangxin\Desktop\others\交易\ybk\ybk2\ybk2\Debug\vc100.pdb
C:\Users\pangxin\Desktop\others\交易\ybk\ybk2\ybk2\Debug\ybk2.exe.embed.manifest
C:\Users\pangxin\Desktop\others\交易\ybk\ybk2\ybk2\Debug\ybk2.exe.embed.manifest.res
C:\Users\pangxin\Desktop\others\交易\ybk\ybk2\ybk2\Debug\ybk2.exe.intermediate.manifest
C:\Users\pangxin\Desktop\others\交易\ybk\ybk2\ybk2\Debug\ybk2.obj
C:\Users\pangxin\Desktop\others\交易\ybk\ybk2\ybk2\Debug\ybk2.pch
C:\Users\pangxin\Desktop\others\交易\ybk\ybk2\ybk2\Debug\ybk2.res
C:\Users\pangxin\Desktop\others\交易\ybk\ybk2\ybk2\Debug\ybk2.write.1.tlog
C:\Users\pangxin\Desktop\others\交易\ybk\ybk2\ybk2\Debug\ybk2_manifest.rc
C:\Users\pangxin\Desktop\others\交易\ybk\ybk2\ybk2\Debug\ybk2Dlg.obj
C:\USERS\PANGXIN\DESKTOP\OTHERS\交易\抓包\TINYXML\DEBUG\YBK2.EXE
C:\USERS\PANGXIN\DESKTOP\OTHERS\交易\抓包\TINYXML\DEBUG\YBK2.ILK
C:\USERS\PANGXIN\DESKTOP\OTHERS\交易\抓包\TINYXML\DEBUG\YBK2.PDB
C:\USERS\PANGXIN\DESKTOP\OTHERS\交易\抓包\YBK2\YBK2\DEBUG\STDAFX.OBJ
C:\USERS\PANGXIN\DESKTOP\OTHERS\交易\抓包\YBK2\YBK2\DEBUG\VC100.PDB
C:\USERS\PANGXIN\DESKTOP\OTHERS\交易\抓包\YBK2\YBK2\DEBUG\YBK2.EXE.EMBED.MANIFEST
C:\USERS\PANGXIN\DESKTOP\OTHERS\交易\抓包\YBK2\YBK2\DEBUG\YBK2.EXE.EMBED.MANIFEST.RES
C:\USERS\PANGXIN\DESKTOP\OTHERS\交易\抓包\YBK2\YBK2\DEBUG\YBK2.EXE.INTERMEDIATE.MANIFEST
C:\USERS\PANGXIN\DESKTOP\OTHERS\交易\抓包\YBK2\YBK2\DEBUG\YBK2.OBJ
C:\USERS\PANGXIN\DESKTOP\OTHERS\交易\抓包\YBK2\YBK2\DEBUG\YBK2.PCH
C:\USERS\PANGXIN\DESKTOP\OTHERS\交易\抓包\YBK2\YBK2\DEBUG\YBK2.RES
C:\USERS\PANGXIN\DESKTOP\OTHERS\交易\抓包\YBK2\YBK2\DEBUG\YBK2DLG.OBJ
