C:\Users\pangxin\Desktop\others\交易\testybk\tinyxml\Debug\ybk.exe
C:\Users\pangxin\Desktop\others\交易\testybk\tinyxml\Debug\ybk.ilk
C:\Users\pangxin\Desktop\others\交易\testybk\tinyxml\Debug\ybk.pdb
C:\Users\pangxin\Desktop\others\交易\testybk\ybk\ybk\Debug\cl.command.1.tlog
C:\Users\pangxin\Desktop\others\交易\testybk\ybk\ybk\Debug\CL.read.1.tlog
C:\Users\pangxin\Desktop\others\交易\testybk\ybk\ybk\Debug\CL.write.1.tlog
C:\Users\pangxin\Desktop\others\交易\testybk\ybk\ybk\Debug\ClientNet.obj
C:\Users\pangxin\Desktop\others\交易\testybk\ybk\ybk\Debug\link.1288.read.1.tlog
C:\Users\pangxin\Desktop\others\交易\testybk\ybk\ybk\Debug\link.1288.write.1.tlog
C:\Users\pangxin\Desktop\others\交易\testybk\ybk\ybk\Debug\link.1288-cvtres.read.1.tlog
C:\Users\pangxin\Desktop\others\交易\testybk\ybk\ybk\Debug\link.1288-cvtres.write.1.tlog
C:\Users\pangxin\Desktop\others\交易\testybk\ybk\ybk\Debug\link.1900.read.1.tlog
C:\Users\pangxin\Desktop\others\交易\testybk\ybk\ybk\Debug\link.1900.write.1.tlog
C:\Users\pangxin\Desktop\others\交易\testybk\ybk\ybk\Debug\link.1900-cvtres.read.1.tlog
C:\Users\pangxin\Desktop\others\交易\testybk\ybk\ybk\Debug\link.1900-cvtres.write.1.tlog
C:\Users\pangxin\Desktop\others\交易\testybk\ybk\ybk\Debug\link.2220.read.1.tlog
C:\Users\pangxin\Desktop\others\交易\testybk\ybk\ybk\Debug\link.2220.write.1.tlog
C:\Users\pangxin\Desktop\others\交易\testybk\ybk\ybk\Debug\link.2220-cvtres.read.1.tlog
C:\Users\pangxin\Desktop\others\交易\testybk\ybk\ybk\Debug\link.2220-cvtres.write.1.tlog
C:\Users\pangxin\Desktop\others\交易\testybk\ybk\ybk\Debug\link.2880.read.1.tlog
C:\Users\pangxin\Desktop\others\交易\testybk\ybk\ybk\Debug\link.2880.write.1.tlog
C:\Users\pangxin\Desktop\others\交易\testybk\ybk\ybk\Debug\link.2880-cvtres.read.1.tlog
C:\Users\pangxin\Desktop\others\交易\testybk\ybk\ybk\Debug\link.2880-cvtres.write.1.tlog
C:\Users\pangxin\Desktop\others\交易\testybk\ybk\ybk\Debug\link.2940.read.1.tlog
C:\Users\pangxin\Desktop\others\交易\testybk\ybk\ybk\Debug\link.2940.write.1.tlog
C:\Users\pangxin\Desktop\others\交易\testybk\ybk\ybk\Debug\link.2940-cvtres.read.1.tlog
C:\Users\pangxin\Desktop\others\交易\testybk\ybk\ybk\Debug\link.2940-cvtres.write.1.tlog
C:\Users\pangxin\Desktop\others\交易\testybk\ybk\ybk\Debug\link.3056.read.1.tlog
C:\Users\pangxin\Desktop\others\交易\testybk\ybk\ybk\Debug\link.3056.write.1.tlog
C:\Users\pangxin\Desktop\others\交易\testybk\ybk\ybk\Debug\link.3056-cvtres.read.1.tlog
C:\Users\pangxin\Desktop\others\交易\testybk\ybk\ybk\Debug\link.3056-cvtres.write.1.tlog
C:\Users\pangxin\Desktop\others\交易\testybk\ybk\ybk\Debug\link.3496.read.1.tlog
C:\Users\pangxin\Desktop\others\交易\testybk\ybk\ybk\Debug\link.3496.write.1.tlog
C:\Users\pangxin\Desktop\others\交易\testybk\ybk\ybk\Debug\link.3496-cvtres.read.1.tlog
C:\Users\pangxin\Desktop\others\交易\testybk\ybk\ybk\Debug\link.3496-cvtres.write.1.tlog
C:\Users\pangxin\Desktop\others\交易\testybk\ybk\ybk\Debug\link.3548.read.1.tlog
C:\Users\pangxin\Desktop\others\交易\testybk\ybk\ybk\Debug\link.3548.write.1.tlog
C:\Users\pangxin\Desktop\others\交易\testybk\ybk\ybk\Debug\link.3548-cvtres.read.1.tlog
C:\Users\pangxin\Desktop\others\交易\testybk\ybk\ybk\Debug\link.3548-cvtres.write.1.tlog
C:\Users\pangxin\Desktop\others\交易\testybk\ybk\ybk\Debug\link.4344.read.1.tlog
C:\Users\pangxin\Desktop\others\交易\testybk\ybk\ybk\Debug\link.4344.write.1.tlog
C:\Users\pangxin\Desktop\others\交易\testybk\ybk\ybk\Debug\link.4344-cvtres.read.1.tlog
C:\Users\pangxin\Desktop\others\交易\testybk\ybk\ybk\Debug\link.4344-cvtres.write.1.tlog
C:\Users\pangxin\Desktop\others\交易\testybk\ybk\ybk\Debug\link.4380.read.1.tlog
C:\Users\pangxin\Desktop\others\交易\testybk\ybk\ybk\Debug\link.4380.write.1.tlog
C:\Users\pangxin\Desktop\others\交易\testybk\ybk\ybk\Debug\link.4380-cvtres.read.1.tlog
C:\Users\pangxin\Desktop\others\交易\testybk\ybk\ybk\Debug\link.4380-cvtres.write.1.tlog
C:\Users\pangxin\Desktop\others\交易\testybk\ybk\ybk\Debug\link.4700.read.1.tlog
C:\Users\pangxin\Desktop\others\交易\testybk\ybk\ybk\Debug\link.4700.write.1.tlog
C:\Users\pangxin\Desktop\others\交易\testybk\ybk\ybk\Debug\link.4700-cvtres.read.1.tlog
C:\Users\pangxin\Desktop\others\交易\testybk\ybk\ybk\Debug\link.4700-cvtres.write.1.tlog
C:\Users\pangxin\Desktop\others\交易\testybk\ybk\ybk\Debug\link.4804.read.1.tlog
C:\Users\pangxin\Desktop\others\交易\testybk\ybk\ybk\Debug\link.4804.write.1.tlog
C:\Users\pangxin\Desktop\others\交易\testybk\ybk\ybk\Debug\link.4804-cvtres.read.1.tlog
C:\Users\pangxin\Desktop\others\交易\testybk\ybk\ybk\Debug\link.4804-cvtres.write.1.tlog
C:\Users\pangxin\Desktop\others\交易\testybk\ybk\ybk\Debug\link.5012.read.1.tlog
C:\Users\pangxin\Desktop\others\交易\testybk\ybk\ybk\Debug\link.5012.write.1.tlog
C:\Users\pangxin\Desktop\others\交易\testybk\ybk\ybk\Debug\link.5012-cvtres.read.1.tlog
C:\Users\pangxin\Desktop\others\交易\testybk\ybk\ybk\Debug\link.5012-cvtres.write.1.tlog
C:\Users\pangxin\Desktop\others\交易\testybk\ybk\ybk\Debug\link.5472.read.1.tlog
C:\Users\pangxin\Desktop\others\交易\testybk\ybk\ybk\Debug\link.5472.write.1.tlog
C:\Users\pangxin\Desktop\others\交易\testybk\ybk\ybk\Debug\link.5472-cvtres.read.1.tlog
C:\Users\pangxin\Desktop\others\交易\testybk\ybk\ybk\Debug\link.5472-cvtres.write.1.tlog
C:\Users\pangxin\Desktop\others\交易\testybk\ybk\ybk\Debug\link.5760.read.1.tlog
C:\Users\pangxin\Desktop\others\交易\testybk\ybk\ybk\Debug\link.5760.write.1.tlog
C:\Users\pangxin\Desktop\others\交易\testybk\ybk\ybk\Debug\link.5760-cvtres.read.1.tlog
C:\Users\pangxin\Desktop\others\交易\testybk\ybk\ybk\Debug\link.5760-cvtres.write.1.tlog
C:\Users\pangxin\Desktop\others\交易\testybk\ybk\ybk\Debug\link.5808.read.1.tlog
C:\Users\pangxin\Desktop\others\交易\testybk\ybk\ybk\Debug\link.5808.write.1.tlog
C:\Users\pangxin\Desktop\others\交易\testybk\ybk\ybk\Debug\link.5808-cvtres.read.1.tlog
C:\Users\pangxin\Desktop\others\交易\testybk\ybk\ybk\Debug\link.5808-cvtres.write.1.tlog
C:\Users\pangxin\Desktop\others\交易\testybk\ybk\ybk\Debug\link.5816.read.1.tlog
C:\Users\pangxin\Desktop\others\交易\testybk\ybk\ybk\Debug\link.5816.write.1.tlog
C:\Users\pangxin\Desktop\others\交易\testybk\ybk\ybk\Debug\link.5816-cvtres.read.1.tlog
C:\Users\pangxin\Desktop\others\交易\testybk\ybk\ybk\Debug\link.5816-cvtres.write.1.tlog
C:\Users\pangxin\Desktop\others\交易\testybk\ybk\ybk\Debug\link.5988.read.1.tlog
C:\Users\pangxin\Desktop\others\交易\testybk\ybk\ybk\Debug\link.5988.write.1.tlog
C:\Users\pangxin\Desktop\others\交易\testybk\ybk\ybk\Debug\link.5988-cvtres.read.1.tlog
C:\Users\pangxin\Desktop\others\交易\testybk\ybk\ybk\Debug\link.5988-cvtres.write.1.tlog
C:\Users\pangxin\Desktop\others\交易\testybk\ybk\ybk\Debug\link.6396.read.1.tlog
C:\Users\pangxin\Desktop\others\交易\testybk\ybk\ybk\Debug\link.6396.write.1.tlog
C:\Users\pangxin\Desktop\others\交易\testybk\ybk\ybk\Debug\link.6396-cvtres.read.1.tlog
C:\Users\pangxin\Desktop\others\交易\testybk\ybk\ybk\Debug\link.6396-cvtres.write.1.tlog
C:\Users\pangxin\Desktop\others\交易\testybk\ybk\ybk\Debug\link.7208.read.1.tlog
C:\Users\pangxin\Desktop\others\交易\testybk\ybk\ybk\Debug\link.7208.write.1.tlog
C:\Users\pangxin\Desktop\others\交易\testybk\ybk\ybk\Debug\link.7208-cvtres.read.1.tlog
C:\Users\pangxin\Desktop\others\交易\testybk\ybk\ybk\Debug\link.7208-cvtres.write.1.tlog
C:\Users\pangxin\Desktop\others\交易\testybk\ybk\ybk\Debug\link.7876.read.1.tlog
C:\Users\pangxin\Desktop\others\交易\testybk\ybk\ybk\Debug\link.7876.write.1.tlog
C:\Users\pangxin\Desktop\others\交易\testybk\ybk\ybk\Debug\link.7876-cvtres.read.1.tlog
C:\Users\pangxin\Desktop\others\交易\testybk\ybk\ybk\Debug\link.7876-cvtres.write.1.tlog
C:\Users\pangxin\Desktop\others\交易\testybk\ybk\ybk\Debug\link.8156.read.1.tlog
C:\Users\pangxin\Desktop\others\交易\testybk\ybk\ybk\Debug\link.8156.write.1.tlog
C:\Users\pangxin\Desktop\others\交易\testybk\ybk\ybk\Debug\link.8156-cvtres.read.1.tlog
C:\Users\pangxin\Desktop\others\交易\testybk\ybk\ybk\Debug\link.8156-cvtres.write.1.tlog
C:\Users\pangxin\Desktop\others\交易\testybk\ybk\ybk\Debug\link.command.1.tlog
C:\Users\pangxin\Desktop\others\交易\testybk\ybk\ybk\Debug\link.read.1.tlog
C:\Users\pangxin\Desktop\others\交易\testybk\ybk\ybk\Debug\link.write.1.tlog
C:\Users\pangxin\Desktop\others\交易\testybk\ybk\ybk\Debug\link-cvtres.read.1.tlog
C:\Users\pangxin\Desktop\others\交易\testybk\ybk\ybk\Debug\link-cvtres.write.1.tlog
C:\Users\pangxin\Desktop\others\交易\testybk\ybk\ybk\Debug\mt.command.1.tlog
C:\Users\pangxin\Desktop\others\交易\testybk\ybk\ybk\Debug\mt.read.1.tlog
C:\Users\pangxin\Desktop\others\交易\testybk\ybk\ybk\Debug\mt.write.1.tlog
C:\Users\pangxin\Desktop\others\交易\testybk\ybk\ybk\Debug\rc.command.1.tlog
C:\Users\pangxin\Desktop\others\交易\testybk\ybk\ybk\Debug\rc.read.1.tlog
C:\Users\pangxin\Desktop\others\交易\testybk\ybk\ybk\Debug\rc.write.1.tlog
C:\Users\pangxin\Desktop\others\交易\testybk\ybk\ybk\Debug\stdafx.obj
C:\Users\pangxin\Desktop\others\交易\testybk\ybk\ybk\Debug\vc100.idb
C:\Users\pangxin\Desktop\others\交易\testybk\ybk\ybk\Debug\vc100.pdb
C:\Users\pangxin\Desktop\others\交易\testybk\ybk\ybk\Debug\ybk.exe.embed.manifest
C:\Users\pangxin\Desktop\others\交易\testybk\ybk\ybk\Debug\ybk.exe.embed.manifest.res
C:\Users\pangxin\Desktop\others\交易\testybk\ybk\ybk\Debug\ybk.exe.intermediate.manifest
C:\Users\pangxin\Desktop\others\交易\testybk\ybk\ybk\Debug\ybk.obj
C:\Users\pangxin\Desktop\others\交易\testybk\ybk\ybk\Debug\ybk.pch
C:\Users\pangxin\Desktop\others\交易\testybk\ybk\ybk\Debug\ybk.res
C:\Users\pangxin\Desktop\others\交易\testybk\ybk\ybk\Debug\ybk.vcxprojResolveAssemblyReference.cache
C:\Users\pangxin\Desktop\others\交易\testybk\ybk\ybk\Debug\ybk.write.1.tlog
C:\Users\pangxin\Desktop\others\交易\testybk\ybk\ybk\Debug\ybk_manifest.rc
C:\Users\pangxin\Desktop\others\交易\testybk\ybk\ybk\Debug\ybkDlg.obj
D:\YBK\DEVLOP\TINYXML\DEBUG\YBK.EXE
D:\YBK\DEVLOP\TINYXML\DEBUG\YBK.ILK
D:\YBK\DEVLOP\TINYXML\DEBUG\YBK.PDB
D:\YBK\DEVLOP\YBK\YBK\DEBUG\CLIENTNET.OBJ
D:\YBK\DEVLOP\YBK\YBK\DEBUG\STDAFX.OBJ
D:\YBK\DEVLOP\YBK\YBK\DEBUG\VC100.PDB
D:\YBK\DEVLOP\YBK\YBK\DEBUG\YBK.EXE.EMBED.MANIFEST
D:\YBK\DEVLOP\YBK\YBK\DEBUG\YBK.EXE.EMBED.MANIFEST.RES
D:\YBK\DEVLOP\YBK\YBK\DEBUG\YBK.EXE.INTERMEDIATE.MANIFEST
D:\YBK\DEVLOP\YBK\YBK\DEBUG\YBK.OBJ
D:\YBK\DEVLOP\YBK\YBK\DEBUG\YBK.PCH
D:\YBK\DEVLOP\YBK\YBK\DEBUG\YBK.RES
D:\YBK\DEVLOP\YBK\YBK\DEBUG\YBKDLG.OBJ
