生成启动时间为 2016/10/12 0:37:25。
     1>项目“D:\ybk\devlop\ybk\ybk\ybk.vcxproj”在节点 2 上(build 个目标)。
     1>InitializeBuildStatus:
         正在创建“Debug\ybk.unsuccessfulbuild”，因为已指定“AlwaysCreate”。
       ClCompile:
         所有输出均为最新。
         D:\Program Files\Microsoft Visual Studio 10.0\VC\bin\CL.exe /c /ZI /nologo /W3 /WX- /Od /Oy- /D WIN32 /D _WINDOWS /D _DEBUG /D _UNICODE /D UNICODE /Gm /EHsc /RTC1 /MTd /GS /fp:precise /Zc:wchar_t /Zc:forScope /Yu"StdAfx.h" /Fp"Debug\ybk.pch" /Fo"Debug\\" /Fd"Debug\vc100.pdb" /Gd /TP /analyze- /errorReport:prompt ybkDlg.cpp
         ybkDlg.cpp
       ResourceCompile:
         所有输出均为最新。
       ManifestResourceCompile:
         所有输出均为最新。
       Link:
         D:\Program Files\Microsoft Visual Studio 10.0\VC\bin\link.exe /ERRORREPORT:PROMPT /OUT:"D:\ybk\devlop\tinyxml\Debug\ybk.exe" /INCREMENTAL /NOLOGO /MANIFEST /ManifestFile:"Debug\ybk.exe.intermediate.manifest" /MANIFESTUAC:"level='asInvoker' uiAccess='false'" /DEBUG /PDB:"D:\ybk\devlop\tinyxml\Debug\ybk.pdb" /SUBSYSTEM:WINDOWS /TLBID:1 /ENTRY:"wWinMainCRTStartup" /DYNAMICBASE /NXCOMPAT /IMPLIB:"D:\ybk\devlop\tinyxml\Debug\ybk.lib" /MACHINE:X86 Debug\ybk.res
         Debug\ybk.exe.embed.manifest.res
         Debug\ClientNet.obj
         Debug\stdafx.obj
         Debug\ybk.obj
         Debug\ybkDlg.obj
       Manifest:
         c:\Program Files\Microsoft SDKs\Windows\v7.0A\bin\mt.exe /nologo /verbose /out:"Debug\ybk.exe.embed.manifest" /manifest Debug\ybk.exe.intermediate.manifest "D:\Program Files\Microsoft Visual Studio 10.0\VC\Include\Manifest\dpiaware.manifest"
         所有输出均为最新。
       LinkEmbedManifest:
         所有输出均为最新。
         ybk.vcxproj -> D:\ybk\devlop\tinyxml\Debug\ybk.exe
       FinalizeBuildStatus:
         正在删除文件“Debug\ybk.unsuccessfulbuild”。
         正在对“Debug\ybk.lastbuildstate”执行 Touch 任务。
     1>已完成生成项目“D:\ybk\devlop\ybk\ybk\ybk.vcxproj”(build 个目标)的操作。

生成成功。

已用时间 00:00:16.20
