C:\Users\pangxin\Desktop\others\交易\testybk\hebei\hebei\Debug\cl.command.1.tlog
C:\Users\pangxin\Desktop\others\交易\testybk\hebei\hebei\Debug\CL.read.1.tlog
C:\Users\pangxin\Desktop\others\交易\testybk\hebei\hebei\Debug\CL.write.1.tlog
C:\USERS\PANGXIN\DESKTOP\OTHERS\交易\TESTYBK\HEBEI\HEBEI\DEBUG\HEBEI.EXE.EMBED.MANIFEST
C:\USERS\PANGXIN\DESKTOP\OTHERS\交易\TESTYBK\HEBEI\HEBEI\DEBUG\HEBEI.EXE.EMBED.MANIFEST.RES
C:\USERS\PANGXIN\DESKTOP\OTHERS\交易\TESTYBK\HEBEI\HEBEI\DEBUG\HEBEI.EXE.INTERMEDIATE.MANIFEST
C:\USERS\PANGXIN\DESKTOP\OTHERS\交易\TESTYBK\HEBEI\HEBEI\DEBUG\HEBEI.OBJ
C:\USERS\PANGXIN\DESKTOP\OTHERS\交易\TESTYBK\HEBEI\HEBEI\DEBUG\HEBEI.PCH
C:\Users\pangxin\Desktop\others\交易\testybk\hebei\hebei\Debug\hebei.vcxprojResolveAssemblyReference.cache
C:\Users\pangxin\Desktop\others\交易\testybk\hebei\hebei\Debug\hebei.write.1.tlog
C:\Users\pangxin\Desktop\others\交易\testybk\hebei\hebei\Debug\hebei_manifest.rc
C:\Users\pangxin\Desktop\others\交易\testybk\hebei\hebei\Debug\link.10076.read.1.tlog
C:\Users\pangxin\Desktop\others\交易\testybk\hebei\hebei\Debug\link.10076.write.1.tlog
C:\Users\pangxin\Desktop\others\交易\testybk\hebei\hebei\Debug\link.10076-cvtres.read.1.tlog
C:\Users\pangxin\Desktop\others\交易\testybk\hebei\hebei\Debug\link.10076-cvtres.write.1.tlog
C:\Users\pangxin\Desktop\others\交易\testybk\hebei\hebei\Debug\link.13436.read.1.tlog
C:\Users\pangxin\Desktop\others\交易\testybk\hebei\hebei\Debug\link.13436.write.1.tlog
C:\Users\pangxin\Desktop\others\交易\testybk\hebei\hebei\Debug\link.13436-cvtres.read.1.tlog
C:\Users\pangxin\Desktop\others\交易\testybk\hebei\hebei\Debug\link.13436-cvtres.write.1.tlog
C:\Users\pangxin\Desktop\others\交易\testybk\hebei\hebei\Debug\link.15596.read.1.tlog
C:\Users\pangxin\Desktop\others\交易\testybk\hebei\hebei\Debug\link.15596.write.1.tlog
C:\Users\pangxin\Desktop\others\交易\testybk\hebei\hebei\Debug\link.15596-cvtres.read.1.tlog
C:\Users\pangxin\Desktop\others\交易\testybk\hebei\hebei\Debug\link.15596-cvtres.write.1.tlog
C:\Users\pangxin\Desktop\others\交易\testybk\hebei\hebei\Debug\link.command.1.tlog
C:\Users\pangxin\Desktop\others\交易\testybk\hebei\hebei\Debug\link.read.1.tlog
C:\Users\pangxin\Desktop\others\交易\testybk\hebei\hebei\Debug\link.write.1.tlog
C:\Users\pangxin\Desktop\others\交易\testybk\hebei\hebei\Debug\link-cvtres.read.1.tlog
C:\Users\pangxin\Desktop\others\交易\testybk\hebei\hebei\Debug\link-cvtres.write.1.tlog
C:\Users\pangxin\Desktop\others\交易\testybk\hebei\hebei\Debug\mt.command.1.tlog
C:\Users\pangxin\Desktop\others\交易\testybk\hebei\hebei\Debug\mt.read.1.tlog
C:\Users\pangxin\Desktop\others\交易\testybk\hebei\hebei\Debug\mt.write.1.tlog
C:\Users\pangxin\Desktop\others\交易\testybk\hebei\hebei\Debug\rc.command.1.tlog
C:\Users\pangxin\Desktop\others\交易\testybk\hebei\hebei\Debug\rc.read.1.tlog
C:\Users\pangxin\Desktop\others\交易\testybk\hebei\hebei\Debug\rc.write.1.tlog
C:\USERS\PANGXIN\DESKTOP\OTHERS\交易\TESTYBK\HEBEI\HEBEI\DEBUG\STDAFX.OBJ
C:\Users\pangxin\Desktop\others\交易\testybk\hebei\hebei\Debug\vc100.idb
C:\USERS\PANGXIN\DESKTOP\OTHERS\交易\TESTYBK\HEBEI\HEBEI\DEBUG\VC100.PDB
C:\USERS\PANGXIN\DESKTOP\OTHERS\交易\TESTYBK\TINYXML\DEBUG\HEBEI.EXE
C:\USERS\PANGXIN\DESKTOP\OTHERS\交易\TESTYBK\TINYXML\DEBUG\HEBEI.ILK
C:\USERS\PANGXIN\DESKTOP\OTHERS\交易\TESTYBK\TINYXML\DEBUG\HEBEI.PDB
