C:\USERS\PANGXIN\DESKTOP\OTHERS\交易\TESTYBK\TINYXML\DEBUGTINYXMLSTL\TINYSTR.OBJ
C:\USERS\PANGXIN\DESKTOP\OTHERS\交易\TESTYBK\TINYXML\DEBUGTINYXMLSTL\TINYSTR.SBR
C:\USERS\PANGXIN\DESKTOP\OTHERS\交易\TESTYBK\TINYXML\DEBUGTINYXMLSTL\TINYXML.OBJ
C:\USERS\PANGXIN\DESKTOP\OTHERS\交易\TESTYBK\TINYXML\DEBUGTINYXMLSTL\TINYXML.SBR
C:\USERS\PANGXIN\DESKTOP\OTHERS\交易\TESTYBK\TINYXML\DEBUGTINYXMLSTL\TINYXMLERROR.OBJ
C:\USERS\PANGXIN\DESKTOP\OTHERS\交易\TESTYBK\TINYXML\DEBUGTINYXMLSTL\TINYXMLERROR.SBR
C:\USERS\PANGXIN\DESKTOP\OTHERS\交易\TESTYBK\TINYXML\DEBUGTINYXMLSTL\TINYXMLPARSER.OBJ
C:\USERS\PANGXIN\DESKTOP\OTHERS\交易\TESTYBK\TINYXML\DEBUGTINYXMLSTL\TINYXMLPARSER.SBR
C:\USERS\PANGXIN\DESKTOP\OTHERS\交易\TESTYBK\TINYXML\DEBUGTINYXMLSTL\TINYXMLSTL.BSC
C:\USERS\PANGXIN\DESKTOP\OTHERS\交易\TESTYBK\TINYXML\DEBUGTINYXMLSTL\TINYXMLSTL.LIB
C:\USERS\PANGXIN\DESKTOP\OTHERS\交易\TESTYBK\TINYXML\DEBUGTINYXMLSTL\VC100.PDB
D:\ybk\devlop\tinyxml\DebugtinyxmlSTL\BscMake.command.1.tlog
D:\ybk\devlop\tinyxml\DebugtinyxmlSTL\bscmake.read.1.tlog
D:\ybk\devlop\tinyxml\DebugtinyxmlSTL\bscmake.write.1.tlog
D:\ybk\devlop\tinyxml\DebugtinyxmlSTL\cl.command.1.tlog
D:\ybk\devlop\tinyxml\DebugtinyxmlSTL\CL.read.1.tlog
D:\ybk\devlop\tinyxml\DebugtinyxmlSTL\CL.write.1.tlog
D:\ybk\devlop\tinyxml\DebugtinyxmlSTL\lib.command.1.tlog
D:\ybk\devlop\tinyxml\DebugtinyxmlSTL\Lib-link.read.1.tlog
D:\ybk\devlop\tinyxml\DebugtinyxmlSTL\Lib-link.write.1.tlog
D:\YBK\DEVLOP\TINYXML\DEBUGTINYXMLSTL\TINYSTR.OBJ
D:\YBK\DEVLOP\TINYXML\DEBUGTINYXMLSTL\TINYSTR.SBR
D:\YBK\DEVLOP\TINYXML\DEBUGTINYXMLSTL\TINYXML.OBJ
D:\YBK\DEVLOP\TINYXML\DEBUGTINYXMLSTL\TINYXML.SBR
D:\YBK\DEVLOP\TINYXML\DEBUGTINYXMLSTL\TINYXMLERROR.OBJ
D:\YBK\DEVLOP\TINYXML\DEBUGTINYXMLSTL\TINYXMLERROR.SBR
D:\YBK\DEVLOP\TINYXML\DEBUGTINYXMLSTL\TINYXMLPARSER.OBJ
D:\YBK\DEVLOP\TINYXML\DEBUGTINYXMLSTL\TINYXMLPARSER.SBR
D:\YBK\DEVLOP\TINYXML\DEBUGTINYXMLSTL\TINYXMLSTL.BSC
D:\YBK\DEVLOP\TINYXML\DEBUGTINYXMLSTL\TINYXMLSTL.LIB
D:\ybk\devlop\tinyxml\DebugtinyxmlSTL\tinyxmlSTL.write.1.tlog
D:\ybk\devlop\tinyxml\DebugtinyxmlSTL\vc100.idb
D:\YBK\DEVLOP\TINYXML\DEBUGTINYXMLSTL\VC100.PDB
