生成启动时间为 2016/9/25 17:44:13。
     1>项目“D:\ybk\devlop\afanti\afanti\afanti.vcxproj”在节点 2 上(build 个目标)。
     1>InitializeBuildStatus:
         正在创建“Debug\afanti.unsuccessfulbuild”，因为已指定“AlwaysCreate”。
       ClCompile:
         所有输出均为最新。
         D:\Program Files\Microsoft Visual Studio 10.0\VC\bin\CL.exe /c /ZI /nologo /W3 /WX- /Od /Oy- /D WIN32 /D _DEBUG /D _CONSOLE /D _UNICODE /D UNICODE /Gm /EHsc /RTC1 /MDd /GS /fp:precise /Zc:wchar_t /Zc:forScope /Yu"StdAfx.h" /Fp"Debug\afanti.pch" /Fo"Debug\\" /Fd"Debug\vc100.pdb" /Gd /TP /analyze- /errorReport:prompt afanti.cpp
         afanti.cpp
     1>d:\ybk\devlop\afanti\afanti\afanti.cpp(81): warning C4996: 'strcat': This function or variable may be unsafe. Consider using strcat_s instead. To disable deprecation, use _CRT_SECURE_NO_WARNINGS. See online help for details.
                 d:\program files\microsoft visual studio 10.0\vc\include\string.h(110) : 参见“strcat”的声明
     1>d:\ybk\devlop\afanti\afanti\afanti.cpp(82): warning C4996: 'strcat': This function or variable may be unsafe. Consider using strcat_s instead. To disable deprecation, use _CRT_SECURE_NO_WARNINGS. See online help for details.
                 d:\program files\microsoft visual studio 10.0\vc\include\string.h(110) : 参见“strcat”的声明
     1>d:\ybk\devlop\afanti\afanti\afanti.cpp(83): warning C4996: 'strcat': This function or variable may be unsafe. Consider using strcat_s instead. To disable deprecation, use _CRT_SECURE_NO_WARNINGS. See online help for details.
                 d:\program files\microsoft visual studio 10.0\vc\include\string.h(110) : 参见“strcat”的声明
     1>d:\ybk\devlop\afanti\afanti\afanti.cpp(84): warning C4996: 'strcat': This function or variable may be unsafe. Consider using strcat_s instead. To disable deprecation, use _CRT_SECURE_NO_WARNINGS. See online help for details.
                 d:\program files\microsoft visual studio 10.0\vc\include\string.h(110) : 参见“strcat”的声明
     1>d:\ybk\devlop\afanti\afanti\afanti.cpp(85): warning C4996: 'strcat': This function or variable may be unsafe. Consider using strcat_s instead. To disable deprecation, use _CRT_SECURE_NO_WARNINGS. See online help for details.
                 d:\program files\microsoft visual studio 10.0\vc\include\string.h(110) : 参见“strcat”的声明
     1>d:\ybk\devlop\afanti\afanti\afanti.cpp(86): warning C4996: 'strcat': This function or variable may be unsafe. Consider using strcat_s instead. To disable deprecation, use _CRT_SECURE_NO_WARNINGS. See online help for details.
                 d:\program files\microsoft visual studio 10.0\vc\include\string.h(110) : 参见“strcat”的声明
     1>d:\ybk\devlop\afanti\afanti\afanti.cpp(87): warning C4996: 'strcat': This function or variable may be unsafe. Consider using strcat_s instead. To disable deprecation, use _CRT_SECURE_NO_WARNINGS. See online help for details.
                 d:\program files\microsoft visual studio 10.0\vc\include\string.h(110) : 参见“strcat”的声明
     1>d:\ybk\devlop\afanti\afanti\afanti.cpp(88): warning C4996: 'strcat': This function or variable may be unsafe. Consider using strcat_s instead. To disable deprecation, use _CRT_SECURE_NO_WARNINGS. See online help for details.
                 d:\program files\microsoft visual studio 10.0\vc\include\string.h(110) : 参见“strcat”的声明
     1>d:\ybk\devlop\afanti\afanti\afanti.cpp(90): warning C4996: 'strcat': This function or variable may be unsafe. Consider using strcat_s instead. To disable deprecation, use _CRT_SECURE_NO_WARNINGS. See online help for details.
                 d:\program files\microsoft visual studio 10.0\vc\include\string.h(110) : 参见“strcat”的声明
     1>d:\ybk\devlop\afanti\afanti\afanti.cpp(91): warning C4996: 'strcat': This function or variable may be unsafe. Consider using strcat_s instead. To disable deprecation, use _CRT_SECURE_NO_WARNINGS. See online help for details.
                 d:\program files\microsoft visual studio 10.0\vc\include\string.h(110) : 参见“strcat”的声明
     1>d:\ybk\devlop\afanti\afanti\afanti.cpp(92): warning C4996: 'strcat': This function or variable may be unsafe. Consider using strcat_s instead. To disable deprecation, use _CRT_SECURE_NO_WARNINGS. See online help for details.
                 d:\program files\microsoft visual studio 10.0\vc\include\string.h(110) : 参见“strcat”的声明
     1>d:\ybk\devlop\afanti\afanti\afanti.cpp(112): warning C4996: 'sscanf': This function or variable may be unsafe. Consider using sscanf_s instead. To disable deprecation, use _CRT_SECURE_NO_WARNINGS. See online help for details.
                 d:\program files\microsoft visual studio 10.0\vc\include\stdio.h(325) : 参见“sscanf”的声明
     1>d:\ybk\devlop\afanti\afanti\afanti.cpp(114): warning C4244: “=”: 从“LONGLONG”转换到“long”，可能丢失数据
     1>d:\ybk\devlop\afanti\afanti\afanti.cpp(95): warning C4101: “st”: 未引用的局部变量
     1>d:\ybk\devlop\afanti\afanti\afanti.cpp(168): warning C4996: 'strcat': This function or variable may be unsafe. Consider using strcat_s instead. To disable deprecation, use _CRT_SECURE_NO_WARNINGS. See online help for details.
                 d:\program files\microsoft visual studio 10.0\vc\include\string.h(110) : 参见“strcat”的声明
     1>d:\ybk\devlop\afanti\afanti\afanti.cpp(169): warning C4996: 'strcat': This function or variable may be unsafe. Consider using strcat_s instead. To disable deprecation, use _CRT_SECURE_NO_WARNINGS. See online help for details.
                 d:\program files\microsoft visual studio 10.0\vc\include\string.h(110) : 参见“strcat”的声明
     1>d:\ybk\devlop\afanti\afanti\afanti.cpp(170): warning C4996: 'strcat': This function or variable may be unsafe. Consider using strcat_s instead. To disable deprecation, use _CRT_SECURE_NO_WARNINGS. See online help for details.
                 d:\program files\microsoft visual studio 10.0\vc\include\string.h(110) : 参见“strcat”的声明
     1>d:\ybk\devlop\afanti\afanti\afanti.cpp(171): warning C4996: 'strcat': This function or variable may be unsafe. Consider using strcat_s instead. To disable deprecation, use _CRT_SECURE_NO_WARNINGS. See online help for details.
                 d:\program files\microsoft visual studio 10.0\vc\include\string.h(110) : 参见“strcat”的声明
     1>d:\ybk\devlop\afanti\afanti\afanti.cpp(172): warning C4996: 'strcat': This function or variable may be unsafe. Consider using strcat_s instead. To disable deprecation, use _CRT_SECURE_NO_WARNINGS. See online help for details.
                 d:\program files\microsoft visual studio 10.0\vc\include\string.h(110) : 参见“strcat”的声明
     1>d:\ybk\devlop\afanti\afanti\afanti.cpp(173): warning C4996: 'strcat': This function or variable may be unsafe. Consider using strcat_s instead. To disable deprecation, use _CRT_SECURE_NO_WARNINGS. See online help for details.
                 d:\program files\microsoft visual studio 10.0\vc\include\string.h(110) : 参见“strcat”的声明
     1>d:\ybk\devlop\afanti\afanti\afanti.cpp(174): warning C4996: 'strcat': This function or variable may be unsafe. Consider using strcat_s instead. To disable deprecation, use _CRT_SECURE_NO_WARNINGS. See online help for details.
                 d:\program files\microsoft visual studio 10.0\vc\include\string.h(110) : 参见“strcat”的声明
     1>d:\ybk\devlop\afanti\afanti\afanti.cpp(175): warning C4996: 'strcat': This function or variable may be unsafe. Consider using strcat_s instead. To disable deprecation, use _CRT_SECURE_NO_WARNINGS. See online help for details.
                 d:\program files\microsoft visual studio 10.0\vc\include\string.h(110) : 参见“strcat”的声明
     1>d:\ybk\devlop\afanti\afanti\afanti.cpp(177): warning C4996: 'strcat': This function or variable may be unsafe. Consider using strcat_s instead. To disable deprecation, use _CRT_SECURE_NO_WARNINGS. See online help for details.
                 d:\program files\microsoft visual studio 10.0\vc\include\string.h(110) : 参见“strcat”的声明
     1>d:\ybk\devlop\afanti\afanti\afanti.cpp(181): warning C4996: 'strcat': This function or variable may be unsafe. Consider using strcat_s instead. To disable deprecation, use _CRT_SECURE_NO_WARNINGS. See online help for details.
                 d:\program files\microsoft visual studio 10.0\vc\include\string.h(110) : 参见“strcat”的声明
     1>d:\ybk\devlop\afanti\afanti\afanti.cpp(199): warning C4996: 'strcat': This function or variable may be unsafe. Consider using strcat_s instead. To disable deprecation, use _CRT_SECURE_NO_WARNINGS. See online help for details.
                 d:\program files\microsoft visual studio 10.0\vc\include\string.h(110) : 参见“strcat”的声明
     1>d:\ybk\devlop\afanti\afanti\afanti.cpp(200): warning C4996: 'strcat': This function or variable may be unsafe. Consider using strcat_s instead. To disable deprecation, use _CRT_SECURE_NO_WARNINGS. See online help for details.
                 d:\program files\microsoft visual studio 10.0\vc\include\string.h(110) : 参见“strcat”的声明
     1>d:\ybk\devlop\afanti\afanti\afanti.cpp(201): warning C4996: 'strcat': This function or variable may be unsafe. Consider using strcat_s instead. To disable deprecation, use _CRT_SECURE_NO_WARNINGS. See online help for details.
                 d:\program files\microsoft visual studio 10.0\vc\include\string.h(110) : 参见“strcat”的声明
     1>d:\ybk\devlop\afanti\afanti\afanti.cpp(202): warning C4996: 'strcat': This function or variable may be unsafe. Consider using strcat_s instead. To disable deprecation, use _CRT_SECURE_NO_WARNINGS. See online help for details.
                 d:\program files\microsoft visual studio 10.0\vc\include\string.h(110) : 参见“strcat”的声明
     1>d:\ybk\devlop\afanti\afanti\afanti.cpp(203): warning C4996: 'strcat': This function or variable may be unsafe. Consider using strcat_s instead. To disable deprecation, use _CRT_SECURE_NO_WARNINGS. See online help for details.
                 d:\program files\microsoft visual studio 10.0\vc\include\string.h(110) : 参见“strcat”的声明
     1>d:\ybk\devlop\afanti\afanti\afanti.cpp(204): warning C4996: 'strcat': This function or variable may be unsafe. Consider using strcat_s instead. To disable deprecation, use _CRT_SECURE_NO_WARNINGS. See online help for details.
                 d:\program files\microsoft visual studio 10.0\vc\include\string.h(110) : 参见“strcat”的声明
     1>d:\ybk\devlop\afanti\afanti\afanti.cpp(205): warning C4996: 'strcat': This function or variable may be unsafe. Consider using strcat_s instead. To disable deprecation, use _CRT_SECURE_NO_WARNINGS. See online help for details.
                 d:\program files\microsoft visual studio 10.0\vc\include\string.h(110) : 参见“strcat”的声明
     1>d:\ybk\devlop\afanti\afanti\afanti.cpp(206): warning C4996: 'strcat': This function or variable may be unsafe. Consider using strcat_s instead. To disable deprecation, use _CRT_SECURE_NO_WARNINGS. See online help for details.
                 d:\program files\microsoft visual studio 10.0\vc\include\string.h(110) : 参见“strcat”的声明
     1>d:\ybk\devlop\afanti\afanti\afanti.cpp(208): warning C4996: 'strcat': This function or variable may be unsafe. Consider using strcat_s instead. To disable deprecation, use _CRT_SECURE_NO_WARNINGS. See online help for details.
                 d:\program files\microsoft visual studio 10.0\vc\include\string.h(110) : 参见“strcat”的声明
     1>d:\ybk\devlop\afanti\afanti\afanti.cpp(210): warning C4996: 'strcat': This function or variable may be unsafe. Consider using strcat_s instead. To disable deprecation, use _CRT_SECURE_NO_WARNINGS. See online help for details.
                 d:\program files\microsoft visual studio 10.0\vc\include\string.h(110) : 参见“strcat”的声明
     1>d:\ybk\devlop\afanti\afanti\afanti.cpp(211): warning C4996: 'strcat': This function or variable may be unsafe. Consider using strcat_s instead. To disable deprecation, use _CRT_SECURE_NO_WARNINGS. See online help for details.
                 d:\program files\microsoft visual studio 10.0\vc\include\string.h(110) : 参见“strcat”的声明
     1>d:\ybk\devlop\afanti\afanti\afanti.cpp(212): warning C4996: 'strcat': This function or variable may be unsafe. Consider using strcat_s instead. To disable deprecation, use _CRT_SECURE_NO_WARNINGS. See online help for details.
                 d:\program files\microsoft visual studio 10.0\vc\include\string.h(110) : 参见“strcat”的声明
     1>d:\ybk\devlop\afanti\afanti\afanti.cpp(259): warning C4996: 'strcat': This function or variable may be unsafe. Consider using strcat_s instead. To disable deprecation, use _CRT_SECURE_NO_WARNINGS. See online help for details.
                 d:\program files\microsoft visual studio 10.0\vc\include\string.h(110) : 参见“strcat”的声明
     1>d:\ybk\devlop\afanti\afanti\afanti.cpp(260): warning C4996: 'strcat': This function or variable may be unsafe. Consider using strcat_s instead. To disable deprecation, use _CRT_SECURE_NO_WARNINGS. See online help for details.
                 d:\program files\microsoft visual studio 10.0\vc\include\string.h(110) : 参见“strcat”的声明
     1>d:\ybk\devlop\afanti\afanti\afanti.cpp(261): warning C4996: 'strcat': This function or variable may be unsafe. Consider using strcat_s instead. To disable deprecation, use _CRT_SECURE_NO_WARNINGS. See online help for details.
                 d:\program files\microsoft visual studio 10.0\vc\include\string.h(110) : 参见“strcat”的声明
     1>d:\ybk\devlop\afanti\afanti\afanti.cpp(262): warning C4996: 'strcat': This function or variable may be unsafe. Consider using strcat_s instead. To disable deprecation, use _CRT_SECURE_NO_WARNINGS. See online help for details.
                 d:\program files\microsoft visual studio 10.0\vc\include\string.h(110) : 参见“strcat”的声明
     1>d:\ybk\devlop\afanti\afanti\afanti.cpp(263): warning C4996: 'strcat': This function or variable may be unsafe. Consider using strcat_s instead. To disable deprecation, use _CRT_SECURE_NO_WARNINGS. See online help for details.
                 d:\program files\microsoft visual studio 10.0\vc\include\string.h(110) : 参见“strcat”的声明
     1>d:\ybk\devlop\afanti\afanti\afanti.cpp(264): warning C4996: 'strcat': This function or variable may be unsafe. Consider using strcat_s instead. To disable deprecation, use _CRT_SECURE_NO_WARNINGS. See online help for details.
                 d:\program files\microsoft visual studio 10.0\vc\include\string.h(110) : 参见“strcat”的声明
     1>d:\ybk\devlop\afanti\afanti\afanti.cpp(265): warning C4996: 'strcat': This function or variable may be unsafe. Consider using strcat_s instead. To disable deprecation, use _CRT_SECURE_NO_WARNINGS. See online help for details.
                 d:\program files\microsoft visual studio 10.0\vc\include\string.h(110) : 参见“strcat”的声明
     1>d:\ybk\devlop\afanti\afanti\afanti.cpp(266): warning C4996: 'strcat': This function or variable may be unsafe. Consider using strcat_s instead. To disable deprecation, use _CRT_SECURE_NO_WARNINGS. See online help for details.
                 d:\program files\microsoft visual studio 10.0\vc\include\string.h(110) : 参见“strcat”的声明
     1>d:\ybk\devlop\afanti\afanti\afanti.cpp(268): warning C4996: 'strcat': This function or variable may be unsafe. Consider using strcat_s instead. To disable deprecation, use _CRT_SECURE_NO_WARNINGS. See online help for details.
                 d:\program files\microsoft visual studio 10.0\vc\include\string.h(110) : 参见“strcat”的声明
     1>d:\ybk\devlop\afanti\afanti\afanti.cpp(269): warning C4996: 'strcat': This function or variable may be unsafe. Consider using strcat_s instead. To disable deprecation, use _CRT_SECURE_NO_WARNINGS. See online help for details.
                 d:\program files\microsoft visual studio 10.0\vc\include\string.h(110) : 参见“strcat”的声明
     1>d:\ybk\devlop\afanti\afanti\afanti.cpp(270): warning C4996: 'strcat': This function or variable may be unsafe. Consider using strcat_s instead. To disable deprecation, use _CRT_SECURE_NO_WARNINGS. See online help for details.
                 d:\program files\microsoft visual studio 10.0\vc\include\string.h(110) : 参见“strcat”的声明
       ManifestResourceCompile:
         所有输出均为最新。
       Link:
         D:\Program Files\Microsoft Visual Studio 10.0\VC\bin\link.exe /ERRORREPORT:PROMPT /OUT:"D:\ybk\devlop\tinyxml\Debug\afanti.exe" /INCREMENTAL /NOLOGO kernel32.lib user32.lib gdi32.lib winspool.lib comdlg32.lib advapi32.lib shell32.lib ole32.lib oleaut32.lib uuid.lib odbc32.lib odbccp32.lib /MANIFEST /ManifestFile:"Debug\afanti.exe.intermediate.manifest" /MANIFESTUAC:"level='asInvoker' uiAccess='false'" /DEBUG /PDB:"D:\ybk\devlop\tinyxml\Debug\afanti.pdb" /SUBSYSTEM:CONSOLE /TLBID:1 /DYNAMICBASE /NXCOMPAT /IMPLIB:"D:\ybk\devlop\tinyxml\Debug\afanti.lib" /MACHINE:X86 Debug\afanti.exe.embed.manifest.res
         Debug\afanti.obj
         Debug\stdafx.obj
       Manifest:
         c:\Program Files\Microsoft SDKs\Windows\v7.0A\bin\mt.exe /nologo /verbose /out:"Debug\afanti.exe.embed.manifest" /manifest Debug\afanti.exe.intermediate.manifest
         所有输出均为最新。
       LinkEmbedManifest:
         所有输出均为最新。
         afanti.vcxproj -> D:\ybk\devlop\tinyxml\Debug\afanti.exe
       FinalizeBuildStatus:
         正在删除文件“Debug\afanti.unsuccessfulbuild”。
         正在对“Debug\afanti.lastbuildstate”执行 Touch 任务。
     1>已完成生成项目“D:\ybk\devlop\afanti\afanti\afanti.vcxproj”(build 个目标)的操作。

生成成功。

已用时间 00:00:07.20
