生成启动时间为 2016/10/3 11:02:41。
     1>项目“D:\ybk\devlop\ybk2\ybk2\ybk2.vcxproj”在节点 2 上(build 个目标)。
     1>InitializeBuildStatus:
         正在对“Release\ybk2.unsuccessfulbuild”执行 Touch 任务。
       ClCompile:
         所有输出均为最新。
         D:\Program Files\Microsoft Visual Studio 10.0\VC\bin\CL.exe /c /Zi /nologo /W3 /WX- /O2 /Oi /Oy- /GL /D WIN32 /D _WINDOWS /D NDEBUG /D _UNICODE /D UNICODE /D _AFXDLL /Gm- /EHsc /MD /GS /Gy /fp:precise /Zc:wchar_t /Zc:forScope /Yu"StdAfx.h" /Fp"Release\ybk2.pch" /Fo"Release\\" /Fd"Release\vc100.pdb" /Gd /TP /analyze- /errorReport:prompt ybk2Dlg.cpp
         ybk2Dlg.cpp
     1>ybk2Dlg.cpp(191): error C2665: “AfxMessageBox”: 2 个重载中没有一个可以转换所有参数类型
                 D:\Program Files\Microsoft Visual Studio 10.0\VC\atlmfc\include\afxwin.h(6655): 可能是“int AfxMessageBox(LPCTSTR,UINT,UINT)”
                 D:\Program Files\Microsoft Visual Studio 10.0\VC\atlmfc\include\afxwin.h(6657): 或       “int AfxMessageBox(UINT,UINT,UINT)”
                 尝试匹配参数列表“(char [4096])”时
     1>ybk2Dlg.cpp(249): warning C4996: 'strcat': This function or variable may be unsafe. Consider using strcat_s instead. To disable deprecation, use _CRT_SECURE_NO_WARNINGS. See online help for details.
                 D:\Program Files\Microsoft Visual Studio 10.0\VC\include\string.h(110) : 参见“strcat”的声明
     1>ybk2Dlg.cpp(250): warning C4996: 'strcat': This function or variable may be unsafe. Consider using strcat_s instead. To disable deprecation, use _CRT_SECURE_NO_WARNINGS. See online help for details.
                 D:\Program Files\Microsoft Visual Studio 10.0\VC\include\string.h(110) : 参见“strcat”的声明
     1>ybk2Dlg.cpp(251): warning C4996: 'strcat': This function or variable may be unsafe. Consider using strcat_s instead. To disable deprecation, use _CRT_SECURE_NO_WARNINGS. See online help for details.
                 D:\Program Files\Microsoft Visual Studio 10.0\VC\include\string.h(110) : 参见“strcat”的声明
     1>ybk2Dlg.cpp(252): warning C4996: 'strcat': This function or variable may be unsafe. Consider using strcat_s instead. To disable deprecation, use _CRT_SECURE_NO_WARNINGS. See online help for details.
                 D:\Program Files\Microsoft Visual Studio 10.0\VC\include\string.h(110) : 参见“strcat”的声明
     1>ybk2Dlg.cpp(253): warning C4996: 'strcat': This function or variable may be unsafe. Consider using strcat_s instead. To disable deprecation, use _CRT_SECURE_NO_WARNINGS. See online help for details.
                 D:\Program Files\Microsoft Visual Studio 10.0\VC\include\string.h(110) : 参见“strcat”的声明
     1>ybk2Dlg.cpp(254): warning C4996: 'strcat': This function or variable may be unsafe. Consider using strcat_s instead. To disable deprecation, use _CRT_SECURE_NO_WARNINGS. See online help for details.
                 D:\Program Files\Microsoft Visual Studio 10.0\VC\include\string.h(110) : 参见“strcat”的声明
     1>ybk2Dlg.cpp(255): warning C4996: 'strcat': This function or variable may be unsafe. Consider using strcat_s instead. To disable deprecation, use _CRT_SECURE_NO_WARNINGS. See online help for details.
                 D:\Program Files\Microsoft Visual Studio 10.0\VC\include\string.h(110) : 参见“strcat”的声明
     1>ybk2Dlg.cpp(256): warning C4996: 'strcat': This function or variable may be unsafe. Consider using strcat_s instead. To disable deprecation, use _CRT_SECURE_NO_WARNINGS. See online help for details.
                 D:\Program Files\Microsoft Visual Studio 10.0\VC\include\string.h(110) : 参见“strcat”的声明
     1>ybk2Dlg.cpp(261): warning C4996: 'strcat': This function or variable may be unsafe. Consider using strcat_s instead. To disable deprecation, use _CRT_SECURE_NO_WARNINGS. See online help for details.
                 D:\Program Files\Microsoft Visual Studio 10.0\VC\include\string.h(110) : 参见“strcat”的声明
     1>ybk2Dlg.cpp(278): warning C4996: 'strcat': This function or variable may be unsafe. Consider using strcat_s instead. To disable deprecation, use _CRT_SECURE_NO_WARNINGS. See online help for details.
                 D:\Program Files\Microsoft Visual Studio 10.0\VC\include\string.h(110) : 参见“strcat”的声明
     1>ybk2Dlg.cpp(279): warning C4996: 'strcat': This function or variable may be unsafe. Consider using strcat_s instead. To disable deprecation, use _CRT_SECURE_NO_WARNINGS. See online help for details.
                 D:\Program Files\Microsoft Visual Studio 10.0\VC\include\string.h(110) : 参见“strcat”的声明
     1>ybk2Dlg.cpp(280): warning C4996: 'strcat': This function or variable may be unsafe. Consider using strcat_s instead. To disable deprecation, use _CRT_SECURE_NO_WARNINGS. See online help for details.
                 D:\Program Files\Microsoft Visual Studio 10.0\VC\include\string.h(110) : 参见“strcat”的声明
     1>ybk2Dlg.cpp(281): warning C4996: 'strcat': This function or variable may be unsafe. Consider using strcat_s instead. To disable deprecation, use _CRT_SECURE_NO_WARNINGS. See online help for details.
                 D:\Program Files\Microsoft Visual Studio 10.0\VC\include\string.h(110) : 参见“strcat”的声明
     1>ybk2Dlg.cpp(282): warning C4996: 'strcat': This function or variable may be unsafe. Consider using strcat_s instead. To disable deprecation, use _CRT_SECURE_NO_WARNINGS. See online help for details.
                 D:\Program Files\Microsoft Visual Studio 10.0\VC\include\string.h(110) : 参见“strcat”的声明
     1>ybk2Dlg.cpp(283): warning C4996: 'strcat': This function or variable may be unsafe. Consider using strcat_s instead. To disable deprecation, use _CRT_SECURE_NO_WARNINGS. See online help for details.
                 D:\Program Files\Microsoft Visual Studio 10.0\VC\include\string.h(110) : 参见“strcat”的声明
     1>ybk2Dlg.cpp(284): warning C4996: 'strcat': This function or variable may be unsafe. Consider using strcat_s instead. To disable deprecation, use _CRT_SECURE_NO_WARNINGS. See online help for details.
                 D:\Program Files\Microsoft Visual Studio 10.0\VC\include\string.h(110) : 参见“strcat”的声明
     1>ybk2Dlg.cpp(285): warning C4996: 'strcat': This function or variable may be unsafe. Consider using strcat_s instead. To disable deprecation, use _CRT_SECURE_NO_WARNINGS. See online help for details.
                 D:\Program Files\Microsoft Visual Studio 10.0\VC\include\string.h(110) : 参见“strcat”的声明
     1>ybk2Dlg.cpp(287): warning C4996: 'strcat': This function or variable may be unsafe. Consider using strcat_s instead. To disable deprecation, use _CRT_SECURE_NO_WARNINGS. See online help for details.
                 D:\Program Files\Microsoft Visual Studio 10.0\VC\include\string.h(110) : 参见“strcat”的声明
     1>ybk2Dlg.cpp(288): warning C4996: 'strcat': This function or variable may be unsafe. Consider using strcat_s instead. To disable deprecation, use _CRT_SECURE_NO_WARNINGS. See online help for details.
                 D:\Program Files\Microsoft Visual Studio 10.0\VC\include\string.h(110) : 参见“strcat”的声明
     1>ybk2Dlg.cpp(289): warning C4996: 'strcat': This function or variable may be unsafe. Consider using strcat_s instead. To disable deprecation, use _CRT_SECURE_NO_WARNINGS. See online help for details.
                 D:\Program Files\Microsoft Visual Studio 10.0\VC\include\string.h(110) : 参见“strcat”的声明
     1>已完成生成项目“D:\ybk\devlop\ybk2\ybk2\ybk2.vcxproj”(build 个目标)的操作 - 失败。

生成失败。

已用时间 00:00:06.22
