C:\USERS\PANGXIN\DESKTOP\OTHERS\交易\TESTYBK\TINYXML\DEBUG\ZHONGWEN.EXE
C:\USERS\PANGXIN\DESKTOP\OTHERS\交易\TESTYBK\TINYXML\DEBUG\ZHONGWEN.ILK
C:\USERS\PANGXIN\DESKTOP\OTHERS\交易\TESTYBK\TINYXML\DEBUG\ZHONGWEN.PDB
C:\Users\pangxin\Desktop\others\交易\testybk\zhongwen\zhongwen\Debug\cl.command.1.tlog
C:\Users\pangxin\Desktop\others\交易\testybk\zhongwen\zhongwen\Debug\CL.read.1.tlog
C:\Users\pangxin\Desktop\others\交易\testybk\zhongwen\zhongwen\Debug\CL.write.1.tlog
C:\Users\pangxin\Desktop\others\交易\testybk\zhongwen\zhongwen\Debug\link.command.1.tlog
C:\Users\pangxin\Desktop\others\交易\testybk\zhongwen\zhongwen\Debug\link.read.1.tlog
C:\Users\pangxin\Desktop\others\交易\testybk\zhongwen\zhongwen\Debug\link.write.1.tlog
C:\Users\pangxin\Desktop\others\交易\testybk\zhongwen\zhongwen\Debug\link-cvtres.read.1.tlog
C:\Users\pangxin\Desktop\others\交易\testybk\zhongwen\zhongwen\Debug\link-cvtres.write.1.tlog
C:\Users\pangxin\Desktop\others\交易\testybk\zhongwen\zhongwen\Debug\mt.command.1.tlog
C:\Users\pangxin\Desktop\others\交易\testybk\zhongwen\zhongwen\Debug\mt.read.1.tlog
C:\Users\pangxin\Desktop\others\交易\testybk\zhongwen\zhongwen\Debug\mt.write.1.tlog
C:\Users\pangxin\Desktop\others\交易\testybk\zhongwen\zhongwen\Debug\rc.command.1.tlog
C:\Users\pangxin\Desktop\others\交易\testybk\zhongwen\zhongwen\Debug\rc.read.1.tlog
C:\Users\pangxin\Desktop\others\交易\testybk\zhongwen\zhongwen\Debug\rc.write.1.tlog
C:\USERS\PANGXIN\DESKTOP\OTHERS\交易\TESTYBK\ZHONGWEN\ZHONGWEN\DEBUG\STDAFX.OBJ
C:\Users\pangxin\Desktop\others\交易\testybk\zhongwen\zhongwen\Debug\vc100.idb
C:\USERS\PANGXIN\DESKTOP\OTHERS\交易\TESTYBK\ZHONGWEN\ZHONGWEN\DEBUG\VC100.PDB
C:\USERS\PANGXIN\DESKTOP\OTHERS\交易\TESTYBK\ZHONGWEN\ZHONGWEN\DEBUG\ZHONGWEN.EXE.EMBED.MANIFEST
C:\USERS\PANGXIN\DESKTOP\OTHERS\交易\TESTYBK\ZHONGWEN\ZHONGWEN\DEBUG\ZHONGWEN.EXE.EMBED.MANIFEST.RES
C:\USERS\PANGXIN\DESKTOP\OTHERS\交易\TESTYBK\ZHONGWEN\ZHONGWEN\DEBUG\ZHONGWEN.EXE.INTERMEDIATE.MANIFEST
C:\USERS\PANGXIN\DESKTOP\OTHERS\交易\TESTYBK\ZHONGWEN\ZHONGWEN\DEBUG\ZHONGWEN.OBJ
C:\USERS\PANGXIN\DESKTOP\OTHERS\交易\TESTYBK\ZHONGWEN\ZHONGWEN\DEBUG\ZHONGWEN.PCH
C:\Users\pangxin\Desktop\others\交易\testybk\zhongwen\zhongwen\Debug\zhongwen.vcxprojResolveAssemblyReference.cache
C:\Users\pangxin\Desktop\others\交易\testybk\zhongwen\zhongwen\Debug\zhongwen.write.1.tlog
C:\Users\pangxin\Desktop\others\交易\testybk\zhongwen\zhongwen\Debug\zhongwen_manifest.rc
D:\YBK\DEVLOP\TINYXML\DEBUG\ZHONGWEN.EXE
D:\YBK\DEVLOP\TINYXML\DEBUG\ZHONGWEN.ILK
D:\YBK\DEVLOP\TINYXML\DEBUG\ZHONGWEN.PDB
D:\YBK\DEVLOP\ZHONGWEN\ZHONGWEN\DEBUG\STDAFX.OBJ
D:\YBK\DEVLOP\ZHONGWEN\ZHONGWEN\DEBUG\VC100.PDB
D:\YBK\DEVLOP\ZHONGWEN\ZHONGWEN\DEBUG\ZHONGWEN.EXE.EMBED.MANIFEST.RES
D:\YBK\DEVLOP\ZHONGWEN\ZHONGWEN\DEBUG\ZHONGWEN.EXE.INTERMEDIATE.MANIFEST
D:\YBK\DEVLOP\ZHONGWEN\ZHONGWEN\DEBUG\ZHONGWEN.OBJ
D:\YBK\DEVLOP\ZHONGWEN\ZHONGWEN\DEBUG\ZHONGWEN.PCH
