C:\Users\pangxin\Desktop\others\交易\testybk\shangwen2\shangwen2\Debug\cl.command.1.tlog
C:\Users\pangxin\Desktop\others\交易\testybk\shangwen2\shangwen2\Debug\CL.read.1.tlog
C:\Users\pangxin\Desktop\others\交易\testybk\shangwen2\shangwen2\Debug\CL.write.1.tlog
C:\Users\pangxin\Desktop\others\交易\testybk\shangwen2\shangwen2\Debug\link.5864.read.1.tlog
C:\Users\pangxin\Desktop\others\交易\testybk\shangwen2\shangwen2\Debug\link.5864.write.1.tlog
C:\Users\pangxin\Desktop\others\交易\testybk\shangwen2\shangwen2\Debug\link.5864-cvtres.read.1.tlog
C:\Users\pangxin\Desktop\others\交易\testybk\shangwen2\shangwen2\Debug\link.5864-cvtres.write.1.tlog
C:\Users\pangxin\Desktop\others\交易\testybk\shangwen2\shangwen2\Debug\link.command.1.tlog
C:\Users\pangxin\Desktop\others\交易\testybk\shangwen2\shangwen2\Debug\link.read.1.tlog
C:\Users\pangxin\Desktop\others\交易\testybk\shangwen2\shangwen2\Debug\link.write.1.tlog
C:\Users\pangxin\Desktop\others\交易\testybk\shangwen2\shangwen2\Debug\link-cvtres.read.1.tlog
C:\Users\pangxin\Desktop\others\交易\testybk\shangwen2\shangwen2\Debug\link-cvtres.write.1.tlog
C:\Users\pangxin\Desktop\others\交易\testybk\shangwen2\shangwen2\Debug\mt.command.1.tlog
C:\Users\pangxin\Desktop\others\交易\testybk\shangwen2\shangwen2\Debug\mt.read.1.tlog
C:\Users\pangxin\Desktop\others\交易\testybk\shangwen2\shangwen2\Debug\mt.write.1.tlog
C:\Users\pangxin\Desktop\others\交易\testybk\shangwen2\shangwen2\Debug\rc.command.1.tlog
C:\Users\pangxin\Desktop\others\交易\testybk\shangwen2\shangwen2\Debug\rc.read.1.tlog
C:\Users\pangxin\Desktop\others\交易\testybk\shangwen2\shangwen2\Debug\rc.write.1.tlog
C:\USERS\PANGXIN\DESKTOP\OTHERS\交易\TESTYBK\SHANGWEN2\SHANGWEN2\DEBUG\SHANGWEN2.EXE.EMBED.MANIFEST
C:\USERS\PANGXIN\DESKTOP\OTHERS\交易\TESTYBK\SHANGWEN2\SHANGWEN2\DEBUG\SHANGWEN2.EXE.EMBED.MANIFEST.RES
C:\USERS\PANGXIN\DESKTOP\OTHERS\交易\TESTYBK\SHANGWEN2\SHANGWEN2\DEBUG\SHANGWEN2.EXE.INTERMEDIATE.MANIFEST
C:\USERS\PANGXIN\DESKTOP\OTHERS\交易\TESTYBK\SHANGWEN2\SHANGWEN2\DEBUG\SHANGWEN2.OBJ
C:\USERS\PANGXIN\DESKTOP\OTHERS\交易\TESTYBK\SHANGWEN2\SHANGWEN2\DEBUG\SHANGWEN2.PCH
C:\Users\pangxin\Desktop\others\交易\testybk\shangwen2\shangwen2\Debug\shangwen2.write.1.tlog
C:\Users\pangxin\Desktop\others\交易\testybk\shangwen2\shangwen2\Debug\shangwen2_manifest.rc
C:\USERS\PANGXIN\DESKTOP\OTHERS\交易\TESTYBK\SHANGWEN2\SHANGWEN2\DEBUG\STDAFX.OBJ
C:\Users\pangxin\Desktop\others\交易\testybk\shangwen2\shangwen2\Debug\vc100.idb
C:\USERS\PANGXIN\DESKTOP\OTHERS\交易\TESTYBK\SHANGWEN2\SHANGWEN2\DEBUG\VC100.PDB
C:\USERS\PANGXIN\DESKTOP\OTHERS\交易\TESTYBK\TINYXML\DEBUG\SHANGWEN2.EXE
C:\USERS\PANGXIN\DESKTOP\OTHERS\交易\TESTYBK\TINYXML\DEBUG\SHANGWEN2.ILK
C:\USERS\PANGXIN\DESKTOP\OTHERS\交易\TESTYBK\TINYXML\DEBUG\SHANGWEN2.PDB
